2015-12-31 11:28:20,345  WARN [ModalContext] - ScalaProject - Project scala has platform default sourceLevel.
2015-12-31 11:28:20,381  WARN [ModalContext] - ScalaProject - Project scala runs on platform default installation.
2015-12-31 11:28:26,873  WARN [Worker-24] - ScalaProject - Project scala has platform default sourceLevel.
2015-12-31 11:28:26,874  WARN [Worker-24] - ScalaProject - Project scala runs on platform default installation.
2015-12-31 11:29:34,561  WARN [Worker-23] - ScalaProject - Project scala has platform default sourceLevel.
2015-12-31 11:29:34,563  WARN [Worker-23] - ScalaProject - Project scala runs on platform default installation.
2015-12-31 11:29:35,603  WARN [Java indexing] - ScalaProject - Project scala has platform default sourceLevel.
2015-12-31 11:29:35,603  WARN [Java indexing] - ScalaProject - Project scala runs on platform default installation.
2015-12-31 11:29:43,961  WARN [Worker-21] - ScalaProject - Project scala has platform default sourceLevel.
2015-12-31 11:29:43,961  WARN [Worker-21] - ScalaProject - Project scala runs on platform default installation.
2015-12-31 11:30:36,790  WARN [main] - ScalaProject - Project scala has platform default sourceLevel.
2015-12-31 11:30:36,791  WARN [main] - ScalaProject - Project scala runs on platform default installation.
2015-12-31 11:30:37,213 ERROR [org.scalaide.ui.internal.reconciliation.ScalaReconciler] - System.err - Exception in thread "org.scalaide.ui.internal.reconciliation.ScalaReconciler"
2015-12-31 11:30:37,213 ERROR [org.scalaide.ui.internal.reconciliation.ScalaReconciler] - System.err - java.lang.NullPointerException
2015-12-31 11:30:37,213 ERROR [org.scalaide.ui.internal.reconciliation.ScalaReconciler] - System.err - at org.scalaide.ui.internal.reconciliation.ScalaReconcilingStrategy.initialReconcile(ScalaReconcilingStrategy.scala:58)
2015-12-31 11:30:37,214 ERROR [org.scalaide.ui.internal.reconciliation.ScalaReconciler] - System.err - at org.eclipse.jdt.internal.ui.text.CompositeReconcilingStrategy.initialReconcile(CompositeReconcilingStrategy.java:114)
2015-12-31 11:30:37,214 ERROR [org.scalaide.ui.internal.reconciliation.ScalaReconciler] - System.err - at org.eclipse.jface.text.reconciler.MonoReconciler.initialProcess(MonoReconciler.java:105)
2015-12-31 11:30:37,214 ERROR [org.scalaide.ui.internal.reconciliation.ScalaReconciler] - System.err - at org.eclipse.jface.text.reconciler.AbstractReconciler$BackgroundThread.run(AbstractReconciler.java:173)
2015-12-31 11:30:38,362  WARN [Worker-23] - ScalaProject - Project scala has platform default sourceLevel.
2015-12-31 11:30:38,363  WARN [Worker-23] - ScalaProject - Project scala runs on platform default installation.
2015-12-31 11:32:03,034 ERROR [main] - org.scala-ide.sdt.core - org.scala-ide.sdt.core - org.scala-ide.sdt.core - 0 - Throwable during asyncExec
java.lang.NullPointerException
	at scala.reflect.internal.Definitions$DefinitionsClass.isByNameParamType(Definitions.scala:379)
	at scala.reflect.internal.TreeInfo.isStableIdent(TreeInfo.scala:130)
	at scala.reflect.internal.TreeInfo.isStableIdentifier(TreeInfo.scala:105)
	at scala.reflect.internal.TreeInfo.isPath(TreeInfo.scala:95)
	at scala.reflect.internal.TreeInfo.admitsTypeSelection(TreeInfo.scala:147)
	at scala.tools.nsc.interactive.Global.stabilizedType(Global.scala:961)
	at scala.tools.nsc.interactive.Global.typedTreeAt(Global.scala:810)
	at scala.tools.nsc.interactive.Global$$anonfun$getTypedTreeAt$1.apply(Global.scala:840)
	at scala.tools.nsc.interactive.Global$$anonfun$getTypedTreeAt$1.apply(Global.scala:840)
	at scala.tools.nsc.interactive.Global$$anonfun$respond$1.apply(Global.scala:699)
	at scala.tools.nsc.interactive.Global$$anonfun$respond$1.apply(Global.scala:699)
	at scala.tools.nsc.interactive.Global.respondGradually(Global.scala:706)
	at scala.tools.nsc.interactive.Global.respond(Global.scala:699)
	at scala.tools.nsc.interactive.Global.getTypedTreeAt(Global.scala:840)
	at scala.tools.nsc.interactive.CompilerControl$AskTypeAtItem.apply$mcV$sp(CompilerControl.scala:326)
	at scala.tools.nsc.interactive.Global$$anonfun$pollForWork$1.apply$mcV$sp(Global.scala:504)
	at scala.util.control.Breaks.breakable(Breaks.scala:38)
	at scala.tools.nsc.interactive.Global.pollForWork(Global.scala:429)
	at scala.tools.nsc.interactive.Global.checkForMoreWork(Global.scala:518)
	at scala.tools.nsc.interactive.Global.signalParseProgress(Global.scala:329)
	at scala.tools.nsc.ast.parser.Parsers$Parser.funDefRest(Parsers.scala:2619)
	at scala.tools.nsc.ast.parser.Parsers$Parser.funDefOrDcl(Parsers.scala:2576)
	at scala.tools.nsc.ast.parser.Parsers$Parser.defOrDcl(Parsers.scala:2461)
	at scala.tools.nsc.ast.parser.Parsers$Parser.nonLocalDefOrDcl(Parsers.scala:2473)
	at scala.tools.nsc.ast.parser.Parsers$Parser$$anonfun$templateStat$1$$anonfun$applyOrElse$3.apply(Parsers.scala:3030)
	at scala.tools.nsc.ast.parser.Parsers$Parser$$anonfun$templateStat$1$$anonfun$applyOrElse$3.apply(Parsers.scala:3030)
	at scala.tools.nsc.doc.ScaladocSyntaxAnalyzer$ScaladocUnitParser.joinComment(ScaladocAnalyzer.scala:259)
	at scala.tools.nsc.ast.parser.Parsers$Parser$$anonfun$templateStat$1.applyOrElse(Parsers.scala:3030)
	at scala.tools.nsc.ast.parser.Parsers$Parser$$anonfun$templateStat$1.applyOrElse(Parsers.scala:3025)
	at scala.tools.nsc.ast.parser.Parsers$Parser.statSeq(Parsers.scala:2957)
	at scala.tools.nsc.ast.parser.Parsers$Parser.templateStats(Parsers.scala:3024)
	at scala.tools.nsc.ast.parser.Parsers$Parser$$anonfun$templateStatSeq$1.apply(Parsers.scala:3011)
	at scala.tools.nsc.ast.parser.Parsers$Parser$$anonfun$templateStatSeq$1.apply(Parsers.scala:2988)
	at scala.tools.nsc.ast.parser.Parsers$Parser.checkNoEscapingPlaceholders(Parsers.scala:462)
	at scala.tools.nsc.ast.parser.Parsers$Parser.templateStatSeq(Parsers.scala:2988)
	at scala.tools.nsc.ast.parser.Parsers$Parser.templateBody(Parsers.scala:2917)
	at scala.tools.nsc.ast.parser.Parsers$Parser.templateBodyOpt(Parsers.scala:2924)
	at scala.tools.nsc.ast.parser.Parsers$Parser.templateOpt(Parsers.scala:2888)
	at scala.tools.nsc.ast.parser.Parsers$Parser.objectDef(Parsers.scala:2773)
	at scala.tools.nsc.ast.parser.Parsers$Parser.tmplDef(Parsers.scala:2712)
	at scala.tools.nsc.ast.parser.Parsers$Parser.topLevelTmplDef(Parsers.scala:2693)
	at scala.tools.nsc.ast.parser.Parsers$Parser$$anonfun$topStat$1$$anonfun$applyOrElse$2.apply(Parsers.scala:2980)
	at scala.tools.nsc.ast.parser.Parsers$Parser$$anonfun$topStat$1$$anonfun$applyOrElse$2.apply(Parsers.scala:2980)
	at scala.tools.nsc.doc.ScaladocSyntaxAnalyzer$ScaladocUnitParser.joinComment(ScaladocAnalyzer.scala:259)
	at scala.tools.nsc.ast.parser.Parsers$Parser$$anonfun$topStat$1.applyOrElse(Parsers.scala:2980)
	at scala.tools.nsc.ast.parser.Parsers$Parser$$anonfun$topStat$1.applyOrElse(Parsers.scala:2973)
	at scala.tools.nsc.ast.parser.Parsers$Parser.statSeq(Parsers.scala:2957)
	at scala.tools.nsc.ast.parser.Parsers$Parser.topStatSeq(Parsers.scala:2972)
	at scala.tools.nsc.ast.parser.Parsers$Parser$$anonfun$compilationUnit$1.topstats$1(Parsers.scala:3170)
	at scala.tools.nsc.ast.parser.Parsers$Parser$$anonfun$compilationUnit$1.topstats$1(Parsers.scala:3162)
	at scala.tools.nsc.ast.parser.Parsers$Parser$$anonfun$compilationUnit$1.apply(Parsers.scala:3176)
	at scala.tools.nsc.ast.parser.Parsers$Parser$$anonfun$compilationUnit$1.apply(Parsers.scala:3138)
	at scala.tools.nsc.ast.parser.Parsers$Parser.checkNoEscapingPlaceholders(Parsers.scala:462)
	at scala.tools.nsc.ast.parser.Parsers$Parser.compilationUnit(Parsers.scala:3138)
	at scala.tools.nsc.ast.parser.Parsers$SourceFileParser$$anonfun$parseStartRule$1.apply(Parsers.scala:146)
	at scala.tools.nsc.ast.parser.Parsers$SourceFileParser$$anonfun$parseStartRule$1.apply(Parsers.scala:146)
	at scala.tools.nsc.ast.parser.Parsers$Parser$$anonfun$parse$1.apply(Parsers.scala:352)
	at scala.tools.nsc.ast.parser.Parsers$Parser$$anonfun$parse$1.apply(Parsers.scala:352)
	at scala.tools.nsc.ast.parser.Parsers$Parser.parseRule(Parsers.scala:345)
	at scala.tools.nsc.ast.parser.Parsers$Parser.parse(Parsers.scala:352)
	at scala.tools.nsc.ast.parser.Parsers$UnitParser.smartParse(Parsers.scala:241)
	at scala.tools.nsc.ast.parser.SyntaxAnalyzer.scala$tools$nsc$ast$parser$SyntaxAnalyzer$$initialUnitBody(SyntaxAnalyzer.scala:87)
	at scala.tools.nsc.ast.parser.SyntaxAnalyzer$ParserPhase.apply(SyntaxAnalyzer.scala:99)
	at scala.tools.nsc.Global$GlobalPhase$$anonfun$applyPhase$1.apply$mcV$sp(Global.scala:440)
	at scala.tools.nsc.Global$GlobalPhase.withCurrentUnit(Global.scala:431)
	at scala.tools.nsc.Global$GlobalPhase.applyPhase(Global.scala:440)
	at scala.tools.nsc.Global$Run$$anonfun$compileLate$2$$anonfun$apply$1.apply(Global.scala:1609)
	at scala.tools.nsc.Global$Run$$anonfun$compileLate$2$$anonfun$apply$1.apply(Global.scala:1609)
	at scala.reflect.internal.SymbolTable.enteringPhase(SymbolTable.scala:235)
	at scala.tools.nsc.Global$Run$$anonfun$compileLate$2.apply(Global.scala:1609)
	at scala.tools.nsc.Global$Run$$anonfun$compileLate$2.apply(Global.scala:1608)
	at scala.collection.Iterator$class.foreach(Iterator.scala:742)
	at scala.collection.AbstractIterator.foreach(Iterator.scala:1194)
	at scala.tools.nsc.Global$Run.compileLate(Global.scala:1608)
	at scala.tools.nsc.interactive.Global.scala$tools$nsc$interactive$Global$$parseAndEnter(Global.scala:656)
	at scala.tools.nsc.interactive.Global.backgroundCompile(Global.scala:562)
	at scala.tools.nsc.interactive.PresentationCompilerThread.run(PresentationCompilerThread.scala:25)
2015-12-31 11:32:03,044 ERROR [main] - org.scala-ide.sdt.core - org.scala-ide.sdt.core - org.scala-ide.sdt.core - 0 - Throwable during asyncExec
java.lang.NullPointerException
	at scala.reflect.internal.Definitions$DefinitionsClass.isByNameParamType(Definitions.scala:379)
	at scala.reflect.internal.TreeInfo.isStableIdent(TreeInfo.scala:130)
	at scala.reflect.internal.TreeInfo.isStableIdentifier(TreeInfo.scala:105)
	at scala.reflect.internal.TreeInfo.isPath(TreeInfo.scala:95)
	at scala.reflect.internal.TreeInfo.admitsTypeSelection(TreeInfo.scala:147)
	at scala.tools.nsc.interactive.Global.stabilizedType(Global.scala:961)
	at scala.tools.nsc.interactive.Global.typedTreeAt(Global.scala:810)
	at scala.tools.nsc.interactive.Global.scala$tools$nsc$interactive$Global$$scopeMembers(Global.scala:1026)
	at scala.tools.nsc.interactive.Global$$anonfun$getScopeCompletion$2.apply(Global.scala:983)
	at scala.tools.nsc.interactive.Global$$anonfun$getScopeCompletion$2.apply(Global.scala:983)
	at scala.tools.nsc.interactive.Global$$anonfun$respond$1.apply(Global.scala:699)
	at scala.tools.nsc.interactive.Global$$anonfun$respond$1.apply(Global.scala:699)
	at scala.tools.nsc.interactive.Global.respondGradually(Global.scala:706)
	at scala.tools.nsc.interactive.Global.respond(Global.scala:699)
	at scala.tools.nsc.interactive.Global.getScopeCompletion(Global.scala:983)
	at scala.tools.nsc.interactive.CompilerControl$AskScopeCompletionItem.apply$mcV$sp(CompilerControl.scala:350)
	at scala.tools.nsc.interactive.Global$$anonfun$pollForWork$1.apply$mcV$sp(Global.scala:504)
	at scala.util.control.Breaks.breakable(Breaks.scala:38)
	at scala.tools.nsc.interactive.Global.pollForWork(Global.scala:429)
	at scala.tools.nsc.interactive.Global.checkForMoreWork(Global.scala:518)
	at scala.tools.nsc.interactive.Global.signalDone(Global.scala:359)
	at scala.tools.nsc.typechecker.Typers$Typer.runTyper$1(Typers.scala:5417)
	at scala.tools.nsc.typechecker.Typers$Typer.scala$tools$nsc$typechecker$Typers$Typer$$typedInternal(Typers.scala:5422)
	at scala.tools.nsc.typechecker.Typers$Typer.body$2(Typers.scala:5369)
	at scala.tools.nsc.typechecker.Typers$Typer.typed(Typers.scala:5373)
	at scala.tools.nsc.typechecker.Typers$Typer.typedType(Typers.scala:5516)
	at scala.tools.nsc.typechecker.Typers$Typer.typedType(Typers.scala:5519)
	at scala.tools.nsc.typechecker.Typers$Typer.typedDefDef(Typers.scala:2191)
	at scala.tools.nsc.typechecker.Typers$Typer.typedMemberDef$1(Typers.scala:5307)
	at scala.tools.nsc.typechecker.Typers$Typer.typed1(Typers.scala:5358)
	at scala.tools.nsc.typechecker.Typers$Typer.runTyper$1(Typers.scala:5395)
	at scala.tools.nsc.typechecker.Typers$Typer.scala$tools$nsc$typechecker$Typers$Typer$$typedInternal(Typers.scala:5422)
	at scala.tools.nsc.typechecker.Typers$Typer.body$2(Typers.scala:5369)
	at scala.tools.nsc.typechecker.Typers$Typer.typed(Typers.scala:5373)
	at scala.tools.nsc.typechecker.Typers$Typer.typedByValueExpr(Typers.scala:5451)
	at scala.tools.nsc.typechecker.Typers$Typer.scala$tools$nsc$typechecker$Typers$Typer$$typedStat$1(Typers.scala:3047)
	at scala.tools.nsc.typechecker.Typers$Typer$$anonfun$65.apply(Typers.scala:3151)
	at scala.tools.nsc.typechecker.Typers$Typer$$anonfun$65.apply(Typers.scala:3151)
	at scala.collection.immutable.List.loop$1(List.scala:173)
	at scala.collection.immutable.List.mapConserve(List.scala:189)
	at scala.tools.nsc.typechecker.Typers$Typer.typedStats(Typers.scala:3151)
	at scala.tools.nsc.typechecker.Typers$Typer.typedTemplate(Typers.scala:1921)
	at scala.tools.nsc.typechecker.Typers$Typer.typedModuleDef(Typers.scala:1808)
	at scala.tools.nsc.typechecker.Typers$Typer.typedMemberDef$1(Typers.scala:5309)
	at scala.tools.nsc.typechecker.Typers$Typer.typed1(Typers.scala:5358)
	at scala.tools.nsc.typechecker.Typers$Typer.runTyper$1(Typers.scala:5395)
	at scala.tools.nsc.typechecker.Typers$Typer.scala$tools$nsc$typechecker$Typers$Typer$$typedInternal(Typers.scala:5422)
	at scala.tools.nsc.typechecker.Typers$Typer.body$2(Typers.scala:5369)
	at scala.tools.nsc.typechecker.Typers$Typer.typed(Typers.scala:5373)
	at scala.tools.nsc.typechecker.Typers$Typer.typedByValueExpr(Typers.scala:5451)
	at scala.tools.nsc.typechecker.Typers$Typer.scala$tools$nsc$typechecker$Typers$Typer$$typedStat$1(Typers.scala:3047)
	at scala.tools.nsc.typechecker.Typers$Typer$$anonfun$65.apply(Typers.scala:3151)
	at scala.tools.nsc.typechecker.Typers$Typer$$anonfun$65.apply(Typers.scala:3151)
	at scala.collection.immutable.List.loop$1(List.scala:173)
	at scala.collection.immutable.List.mapConserve(List.scala:189)
	at scala.tools.nsc.typechecker.Typers$Typer.typedStats(Typers.scala:3151)
	at scala.tools.nsc.typechecker.Typers$Typer.typedPackageDef$1(Typers.scala:5014)
	at scala.tools.nsc.typechecker.Typers$Typer.typedMemberDef$1(Typers.scala:5311)
	at scala.tools.nsc.typechecker.Typers$Typer.typed1(Typers.scala:5358)
	at scala.tools.nsc.typechecker.Typers$Typer.runTyper$1(Typers.scala:5395)
	at scala.tools.nsc.typechecker.Typers$Typer.scala$tools$nsc$typechecker$Typers$Typer$$typedInternal(Typers.scala:5422)
	at scala.tools.nsc.typechecker.Typers$Typer.body$2(Typers.scala:5369)
	at scala.tools.nsc.typechecker.Typers$Typer.typed(Typers.scala:5373)
	at scala.tools.nsc.typechecker.Typers$Typer.typed(Typers.scala:5447)
	at scala.tools.nsc.typechecker.Analyzer$typerFactory$$anon$3.apply(Analyzer.scala:102)
	at scala.tools.nsc.Global$GlobalPhase$$anonfun$applyPhase$1.apply$mcV$sp(Global.scala:440)
	at scala.tools.nsc.Global$GlobalPhase.withCurrentUnit(Global.scala:431)
	at scala.tools.nsc.Global$GlobalPhase.applyPhase(Global.scala:440)
	at scala.tools.nsc.interactive.Global$TyperRun$$anonfun$applyPhase$1.apply(Global.scala:1225)
	at scala.tools.nsc.interactive.Global$TyperRun$$anonfun$applyPhase$1.apply(Global.scala:1225)
	at scala.reflect.internal.SymbolTable.enteringPhase(SymbolTable.scala:235)
	at scala.tools.nsc.interactive.Global$TyperRun.applyPhase(Global.scala:1225)
	at scala.tools.nsc.interactive.Global$TyperRun.typeCheck(Global.scala:1218)
	at scala.tools.nsc.interactive.Global.scala$tools$nsc$interactive$Global$$typeCheck(Global.scala:668)
	at scala.tools.nsc.interactive.Global$$anonfun$backgroundCompile$5$$anonfun$apply$8.apply(Global.scala:583)
	at scala.tools.nsc.interactive.Global$$anonfun$backgroundCompile$5.apply(Global.scala:579)
	at scala.tools.nsc.interactive.Global$$anonfun$backgroundCompile$5.apply(Global.scala:579)
	at scala.collection.TraversableLike$WithFilter$$anonfun$foreach$1.apply(TraversableLike.scala:778)
	at scala.collection.immutable.List.foreach(List.scala:381)
	at scala.collection.TraversableLike$WithFilter.foreach(TraversableLike.scala:777)
	at scala.tools.nsc.interactive.Global.backgroundCompile(Global.scala:579)
	at scala.tools.nsc.interactive.PresentationCompilerThread.run(PresentationCompilerThread.scala:25)
2015-12-31 11:32:40,048  WARN [Worker-23] - ScalaProject - Project scala has platform default sourceLevel.
2015-12-31 11:32:40,048  WARN [Worker-23] - ScalaProject - Project scala runs on platform default installation.
2015-12-31 11:33:08,564  WARN [Worker-24] - ScalaProject - Project scala has platform default sourceLevel.
2015-12-31 11:33:08,564  WARN [Worker-24] - ScalaProject - Project scala runs on platform default installation.
2015-12-31 11:33:15,368 ERROR [main] - org.scala-ide.sdt.core - org.scala-ide.sdt.core - org.scala-ide.sdt.core - 0 - Throwable during asyncExec
java.util.NoSuchElementException: key not found: E:\renho\workspace\ongit-scala\scala\src\com\renho\scala\forloop\package.scala
	at scala.collection.MapLike$class.default(MapLike.scala:228)
	at scala.collection.AbstractMap.default(Map.scala:59)
	at scala.collection.MapLike$class.apply(MapLike.scala:141)
	at scala.tools.nsc.interactive.Global$$anon$4.scala$collection$mutable$SynchronizedMap$$super$apply(Global.scala:174)
	at scala.collection.mutable.SynchronizedMap$class.apply(SynchronizedMap.scala:48)
	at scala.tools.nsc.interactive.Global$$anon$4.apply(Global.scala:174)
	at scala.tools.refactoring.implementations.MarkOccurrences.occurrencesOf(MarkOccurrences.scala:28)
	at org.scalaide.core.internal.decorators.markoccurrences.ScalaOccurrencesFinder$$anonfun$findOccurrences$1$$anonfun$5.apply(ScalaOccurrencesFinder.scala:75)
	at org.scalaide.core.internal.decorators.markoccurrences.ScalaOccurrencesFinder$$anonfun$findOccurrences$1$$anonfun$5.apply(ScalaOccurrencesFinder.scala:73)
	at scala.tools.nsc.util.InterruptReq.execute(InterruptReq.scala:26)
	at scala.tools.nsc.interactive.Global$$anonfun$pollForWork$1.apply$mcV$sp(Global.scala:455)
	at scala.util.control.Breaks.breakable(Breaks.scala:38)
	at scala.tools.nsc.interactive.Global.pollForWork(Global.scala:429)
	at scala.tools.nsc.interactive.PresentationCompilerThread.run(PresentationCompilerThread.scala:22)
2015-12-31 11:33:18,167  WARN [Worker-1] - ScalaProject - Project scala has platform default sourceLevel.
2015-12-31 11:33:18,168  WARN [Worker-1] - ScalaProject - Project scala runs on platform default installation.
2015-12-31 11:33:28,361  WARN [Worker-24] - ScalaProject - Project scala has platform default sourceLevel.
2015-12-31 11:33:28,361  WARN [Worker-24] - ScalaProject - Project scala runs on platform default installation.
2015-12-31 11:33:52,048  WARN [Worker-26] - ScalaProject - Project scala has platform default sourceLevel.
2015-12-31 11:33:52,049  WARN [Worker-26] - ScalaProject - Project scala runs on platform default installation.
2015-12-31 11:34:39,347  WARN [main] - ScalaProject - Project scala has platform default sourceLevel.
2015-12-31 11:34:39,347  WARN [main] - ScalaProject - Project scala runs on platform default installation.
2015-12-31 11:34:40,153  WARN [Worker-24] - ScalaProject - Project scala has platform default sourceLevel.
2015-12-31 11:34:40,154  WARN [Worker-24] - ScalaProject - Project scala runs on platform default installation.
2015-12-31 11:34:42,108  WARN [Worker-25] - ScalaProject - Project scala has platform default sourceLevel.
2015-12-31 11:34:42,108  WARN [Worker-25] - ScalaProject - Project scala runs on platform default installation.
2015-12-31 11:34:50,649  WARN [Worker-24] - ScalaProject - Project scala has platform default sourceLevel.
2015-12-31 11:34:50,650  WARN [Worker-24] - ScalaProject - Project scala runs on platform default installation.
2015-12-31 11:34:56,818  WARN [Worker-23] - ScalaProject - Project scala has platform default sourceLevel.
2015-12-31 11:34:56,818  WARN [Worker-23] - ScalaProject - Project scala runs on platform default installation.
2015-12-31 11:35:44,380  WARN [Worker-24] - ScalaProject - Project scala has platform default sourceLevel.
2015-12-31 11:35:44,381  WARN [Worker-24] - ScalaProject - Project scala runs on platform default installation.
2015-12-31 11:35:53,141  WARN [Worker-24] - ScalaProject - Project scala has platform default sourceLevel.
2015-12-31 11:35:53,141  WARN [Worker-24] - ScalaProject - Project scala runs on platform default installation.
2015-12-31 11:36:47,112  WARN [Worker-23] - ScalaProject - Project scala has platform default sourceLevel.
2015-12-31 11:36:47,112  WARN [Worker-23] - ScalaProject - Project scala runs on platform default installation.
2015-12-31 11:36:47,717 ERROR [Text Viewer Hover Presenter] - IScalaPresentationCompiler$ - Ignoring InterruptException
2015-12-31 11:36:47,717 ERROR [Text Viewer Hover Presenter] - IScalaPresentationCompiler$ - Ignoring InterruptException
2015-12-31 11:36:47,717 ERROR [Text Viewer Hover Presenter] - IScalaPresentationCompiler$ - Ignoring InterruptException
2015-12-31 11:36:47,717 ERROR [Text Viewer Hover Presenter] - IScalaPresentationCompiler$ - Ignoring InterruptException
2015-12-31 11:36:47,718 ERROR [Text Viewer Hover Presenter] - IScalaPresentationCompiler$ - Ignoring InterruptException
2015-12-31 11:36:47,718 ERROR [Text Viewer Hover Presenter] - IScalaPresentationCompiler$ - Ignoring InterruptException
2015-12-31 11:36:47,718 ERROR [Text Viewer Hover Presenter] - IScalaPresentationCompiler$ - Ignoring InterruptException
2015-12-31 11:36:47,718 ERROR [Text Viewer Hover Presenter] - IScalaPresentationCompiler$ - Ignoring InterruptException
2015-12-31 11:36:47,718 ERROR [Text Viewer Hover Presenter] - IScalaPresentationCompiler$ - Ignoring InterruptException
2015-12-31 11:36:47,718 ERROR [Text Viewer Hover Presenter] - IScalaPresentationCompiler$ - Ignoring InterruptException
2015-12-31 11:36:47,718 ERROR [Text Viewer Hover Presenter] - IScalaPresentationCompiler$ - Ignoring InterruptException
2015-12-31 11:36:47,718 ERROR [Text Viewer Hover Presenter] - IScalaPresentationCompiler$ - Ignoring InterruptException
2015-12-31 11:36:47,718 ERROR [Text Viewer Hover Presenter] - IScalaPresentationCompiler$ - Ignoring InterruptException
2015-12-31 11:36:47,718 ERROR [Text Viewer Hover Presenter] - IScalaPresentationCompiler$ - Ignoring InterruptException
2015-12-31 11:36:47,718 ERROR [Text Viewer Hover Presenter] - IScalaPresentationCompiler$ - Ignoring InterruptException
2015-12-31 11:36:47,719 ERROR [Text Viewer Hover Presenter] - IScalaPresentationCompiler$ - Ignoring InterruptException
2015-12-31 11:36:47,719 ERROR [Text Viewer Hover Presenter] - IScalaPresentationCompiler$ - Ignoring InterruptException
2015-12-31 11:36:47,719 ERROR [Text Viewer Hover Presenter] - IScalaPresentationCompiler$ - Ignoring InterruptException
2015-12-31 11:36:47,719 ERROR [Text Viewer Hover Presenter] - IScalaPresentationCompiler$ - Ignoring InterruptException
2015-12-31 11:36:47,719 ERROR [Text Viewer Hover Presenter] - IScalaPresentationCompiler$ - Ignoring InterruptException
2015-12-31 11:36:47,719 ERROR [Text Viewer Hover Presenter] - IScalaPresentationCompiler$ - Ignoring InterruptException
2015-12-31 11:36:47,719 ERROR [Text Viewer Hover Presenter] - IScalaPresentationCompiler$ - Ignoring InterruptException
2015-12-31 11:36:47,719 ERROR [Text Viewer Hover Presenter] - IScalaPresentationCompiler$ - Ignoring InterruptException
2015-12-31 11:36:47,719 ERROR [Text Viewer Hover Presenter] - IScalaPresentationCompiler$ - Ignoring InterruptException
2015-12-31 11:36:47,719 ERROR [Text Viewer Hover Presenter] - IScalaPresentationCompiler$ - Ignoring InterruptException
2015-12-31 11:36:47,719 ERROR [Text Viewer Hover Presenter] - IScalaPresentationCompiler$ - Ignoring InterruptException
2015-12-31 11:36:47,720 ERROR [Text Viewer Hover Presenter] - IScalaPresentationCompiler$ - Ignoring InterruptException
2015-12-31 11:36:47,720 ERROR [Text Viewer Hover Presenter] - IScalaPresentationCompiler$ - Ignoring InterruptException
2015-12-31 11:36:47,720 ERROR [Text Viewer Hover Presenter] - IScalaPresentationCompiler$ - Ignoring InterruptException
2015-12-31 11:36:47,720 ERROR [Text Viewer Hover Presenter] - IScalaPresentationCompiler$ - Ignoring InterruptException
2015-12-31 11:36:47,720 ERROR [Text Viewer Hover Presenter] - IScalaPresentationCompiler$ - Ignoring InterruptException
2015-12-31 11:36:47,720 ERROR [Text Viewer Hover Presenter] - IScalaPresentationCompiler$ - Ignoring InterruptException
2015-12-31 11:36:47,720 ERROR [Text Viewer Hover Presenter] - IScalaPresentationCompiler$ - Ignoring InterruptException
2015-12-31 11:36:47,720 ERROR [Text Viewer Hover Presenter] - IScalaPresentationCompiler$ - Ignoring InterruptException
2015-12-31 11:36:47,721 ERROR [Text Viewer Hover Presenter] - IScalaPresentationCompiler$ - Ignoring InterruptException
2015-12-31 11:36:47,721 ERROR [Text Viewer Hover Presenter] - IScalaPresentationCompiler$ - Ignoring InterruptException
2015-12-31 11:36:47,721 ERROR [Text Viewer Hover Presenter] - IScalaPresentationCompiler$ - Ignoring InterruptException
2015-12-31 11:36:47,721 ERROR [Text Viewer Hover Presenter] - IScalaPresentationCompiler$ - Ignoring InterruptException
2015-12-31 11:36:47,721 ERROR [Text Viewer Hover Presenter] - IScalaPresentationCompiler$ - Ignoring InterruptException
2015-12-31 11:36:47,721 ERROR [Text Viewer Hover Presenter] - IScalaPresentationCompiler$ - Ignoring InterruptException
2015-12-31 11:36:47,721 ERROR [Text Viewer Hover Presenter] - IScalaPresentationCompiler$ - Ignoring InterruptException
2015-12-31 11:36:47,721 ERROR [Text Viewer Hover Presenter] - IScalaPresentationCompiler$ - Ignoring InterruptException
2015-12-31 11:36:47,721 ERROR [Text Viewer Hover Presenter] - IScalaPresentationCompiler$ - Ignoring InterruptException
2015-12-31 11:36:47,721 ERROR [Text Viewer Hover Presenter] - IScalaPresentationCompiler$ - Ignoring InterruptException
2015-12-31 11:36:47,721 ERROR [Text Viewer Hover Presenter] - IScalaPresentationCompiler$ - Ignoring InterruptException
2015-12-31 11:36:47,722 ERROR [Text Viewer Hover Presenter] - IScalaPresentationCompiler$ - Ignoring InterruptException
2015-12-31 11:36:47,722 ERROR [Text Viewer Hover Presenter] - IScalaPresentationCompiler$ - Ignoring InterruptException
2015-12-31 11:36:47,722 ERROR [Text Viewer Hover Presenter] - IScalaPresentationCompiler$ - Ignoring InterruptException
2015-12-31 11:36:47,722 ERROR [Text Viewer Hover Presenter] - IScalaPresentationCompiler$ - Ignoring InterruptException
2015-12-31 11:36:47,722 ERROR [Text Viewer Hover Presenter] - IScalaPresentationCompiler$ - Ignoring InterruptException
2015-12-31 11:36:47,722 ERROR [Text Viewer Hover Presenter] - IScalaPresentationCompiler$ - Ignoring InterruptException
2015-12-31 11:36:47,722 ERROR [Text Viewer Hover Presenter] - IScalaPresentationCompiler$ - Ignoring InterruptException
2015-12-31 11:36:47,722 ERROR [Text Viewer Hover Presenter] - IScalaPresentationCompiler$ - Ignoring InterruptException
2015-12-31 11:36:47,722 ERROR [Text Viewer Hover Presenter] - IScalaPresentationCompiler$ - Ignoring InterruptException
2015-12-31 11:36:47,722 ERROR [Text Viewer Hover Presenter] - IScalaPresentationCompiler$ - Ignoring InterruptException
2015-12-31 11:36:47,722 ERROR [Text Viewer Hover Presenter] - IScalaPresentationCompiler$ - Ignoring InterruptException
2015-12-31 11:36:47,722 ERROR [Text Viewer Hover Presenter] - IScalaPresentationCompiler$ - Ignoring InterruptException
2015-12-31 11:36:47,722 ERROR [Text Viewer Hover Presenter] - IScalaPresentationCompiler$ - Ignoring InterruptException
2015-12-31 11:36:47,723 ERROR [Text Viewer Hover Presenter] - IScalaPresentationCompiler$ - Ignoring InterruptException
2015-12-31 11:36:47,723 ERROR [Text Viewer Hover Presenter] - IScalaPresentationCompiler$ - Ignoring InterruptException
2015-12-31 11:36:47,723 ERROR [Text Viewer Hover Presenter] - IScalaPresentationCompiler$ - Ignoring InterruptException
2015-12-31 11:36:47,723 ERROR [Text Viewer Hover Presenter] - IScalaPresentationCompiler$ - Ignoring InterruptException
2015-12-31 11:36:47,723 ERROR [Text Viewer Hover Presenter] - IScalaPresentationCompiler$ - Ignoring InterruptException
2015-12-31 11:36:47,723 ERROR [Text Viewer Hover Presenter] - IScalaPresentationCompiler$ - Ignoring InterruptException
2015-12-31 11:36:47,723 ERROR [Text Viewer Hover Presenter] - IScalaPresentationCompiler$ - Ignoring InterruptException
2015-12-31 11:36:47,723 ERROR [Text Viewer Hover Presenter] - IScalaPresentationCompiler$ - Ignoring InterruptException
2015-12-31 11:36:47,723 ERROR [Text Viewer Hover Presenter] - IScalaPresentationCompiler$ - Ignoring InterruptException
2015-12-31 11:36:47,723 ERROR [Text Viewer Hover Presenter] - IScalaPresentationCompiler$ - Ignoring InterruptException
2015-12-31 11:36:47,723 ERROR [Text Viewer Hover Presenter] - IScalaPresentationCompiler$ - Ignoring InterruptException
2015-12-31 11:36:47,724 ERROR [Text Viewer Hover Presenter] - IScalaPresentationCompiler$ - Ignoring InterruptException
2015-12-31 11:36:47,724 ERROR [Text Viewer Hover Presenter] - IScalaPresentationCompiler$ - Ignoring InterruptException
2015-12-31 11:36:47,724 ERROR [Text Viewer Hover Presenter] - IScalaPresentationCompiler$ - Ignoring InterruptException
2015-12-31 11:36:47,724 ERROR [Text Viewer Hover Presenter] - IScalaPresentationCompiler$ - Ignoring InterruptException
2015-12-31 11:36:47,724 ERROR [Text Viewer Hover Presenter] - IScalaPresentationCompiler$ - Ignoring InterruptException
2015-12-31 11:36:47,724 ERROR [Text Viewer Hover Presenter] - IScalaPresentationCompiler$ - Ignoring InterruptException
2015-12-31 11:36:47,724 ERROR [Text Viewer Hover Presenter] - IScalaPresentationCompiler$ - Ignoring InterruptException
2015-12-31 11:36:47,724 ERROR [Text Viewer Hover Presenter] - IScalaPresentationCompiler$ - Ignoring InterruptException
2015-12-31 11:36:47,724 ERROR [Text Viewer Hover Presenter] - IScalaPresentationCompiler$ - Ignoring InterruptException
2015-12-31 11:36:47,724 ERROR [Text Viewer Hover Presenter] - IScalaPresentationCompiler$ - Ignoring InterruptException
2015-12-31 11:36:47,725 ERROR [Text Viewer Hover Presenter] - IScalaPresentationCompiler$ - Ignoring InterruptException
2015-12-31 11:36:47,725 ERROR [Text Viewer Hover Presenter] - IScalaPresentationCompiler$ - Ignoring InterruptException
2015-12-31 11:36:47,725 ERROR [Text Viewer Hover Presenter] - IScalaPresentationCompiler$ - Ignoring InterruptException
2015-12-31 11:36:47,725 ERROR [Text Viewer Hover Presenter] - IScalaPresentationCompiler$ - Ignoring InterruptException
2015-12-31 11:36:47,725 ERROR [Text Viewer Hover Presenter] - IScalaPresentationCompiler$ - Ignoring InterruptException
2015-12-31 11:36:47,725 ERROR [Text Viewer Hover Presenter] - IScalaPresentationCompiler$ - Ignoring InterruptException
2015-12-31 11:36:47,725 ERROR [Text Viewer Hover Presenter] - IScalaPresentationCompiler$ - Ignoring InterruptException
2015-12-31 11:36:47,725 ERROR [Text Viewer Hover Presenter] - IScalaPresentationCompiler$ - Ignoring InterruptException
2015-12-31 11:36:47,726 ERROR [Text Viewer Hover Presenter] - IScalaPresentationCompiler$ - Ignoring InterruptException
2015-12-31 11:36:47,726 ERROR [Text Viewer Hover Presenter] - IScalaPresentationCompiler$ - Ignoring InterruptException
2015-12-31 11:36:47,726 ERROR [Text Viewer Hover Presenter] - IScalaPresentationCompiler$ - Ignoring InterruptException
2015-12-31 11:36:47,726 ERROR [Text Viewer Hover Presenter] - IScalaPresentationCompiler$ - Ignoring InterruptException
2015-12-31 11:36:47,726 ERROR [Text Viewer Hover Presenter] - IScalaPresentationCompiler$ - Ignoring InterruptException
2015-12-31 11:36:47,727 ERROR [Text Viewer Hover Presenter] - IScalaPresentationCompiler$ - Ignoring InterruptException
2015-12-31 11:36:47,727 ERROR [Text Viewer Hover Presenter] - IScalaPresentationCompiler$ - Ignoring InterruptException
2015-12-31 11:36:47,727 ERROR [Text Viewer Hover Presenter] - IScalaPresentationCompiler$ - Ignoring InterruptException
2015-12-31 11:36:47,728 ERROR [Text Viewer Hover Presenter] - IScalaPresentationCompiler$ - Ignoring InterruptException
2015-12-31 11:36:47,728 ERROR [Text Viewer Hover Presenter] - IScalaPresentationCompiler$ - Ignoring InterruptException
2015-12-31 11:36:47,728 ERROR [Text Viewer Hover Presenter] - IScalaPresentationCompiler$ - Ignoring InterruptException
2015-12-31 11:36:47,773 ERROR [Text Viewer Hover Presenter] - IScalaPresentationCompiler$ - Ignoring InterruptException
2015-12-31 11:36:47,773 ERROR [Text Viewer Hover Presenter] - IScalaPresentationCompiler$ - Ignoring InterruptException
2015-12-31 11:36:47,773 ERROR [Text Viewer Hover Presenter] - IScalaPresentationCompiler$ - Ignoring InterruptException
2015-12-31 11:36:47,773 ERROR [Text Viewer Hover Presenter] - IScalaPresentationCompiler$ - Ignoring InterruptException
2015-12-31 11:36:47,773 ERROR [Text Viewer Hover Presenter] - IScalaPresentationCompiler$ - Ignoring InterruptException
2015-12-31 11:36:47,773 ERROR [Text Viewer Hover Presenter] - IScalaPresentationCompiler$ - Ignoring InterruptException
2015-12-31 11:36:47,773 ERROR [Text Viewer Hover Presenter] - IScalaPresentationCompiler$ - Ignoring InterruptException
2015-12-31 11:36:47,773 ERROR [Text Viewer Hover Presenter] - IScalaPresentationCompiler$ - Ignoring InterruptException
2015-12-31 11:36:47,773 ERROR [Text Viewer Hover Presenter] - IScalaPresentationCompiler$ - Ignoring InterruptException
2015-12-31 11:36:47,773 ERROR [Text Viewer Hover Presenter] - IScalaPresentationCompiler$ - Ignoring InterruptException
2015-12-31 11:36:47,774 ERROR [Text Viewer Hover Presenter] - IScalaPresentationCompiler$ - Ignoring InterruptException
2015-12-31 11:36:47,774 ERROR [Text Viewer Hover Presenter] - IScalaPresentationCompiler$ - Ignoring InterruptException
2015-12-31 11:36:47,774 ERROR [Text Viewer Hover Presenter] - IScalaPresentationCompiler$ - Ignoring InterruptException
2015-12-31 11:36:47,774 ERROR [Text Viewer Hover Presenter] - IScalaPresentationCompiler$ - Ignoring InterruptException
2015-12-31 11:36:49,598  WARN [Worker-20] - ScalaProject - Project scala has platform default sourceLevel.
2015-12-31 11:36:49,599  WARN [Worker-20] - ScalaProject - Project scala runs on platform default installation.
2015-12-31 11:37:26,714  WARN [Worker-1] - ScalaProject - Project scala has platform default sourceLevel.
2015-12-31 11:37:26,715  WARN [Worker-1] - ScalaProject - Project scala runs on platform default installation.
2015-12-31 11:37:29,214  WARN [Worker-21] - ScalaProject - Project scala has platform default sourceLevel.
2015-12-31 11:37:29,214  WARN [Worker-21] - ScalaProject - Project scala runs on platform default installation.
2015-12-31 11:37:44,379 ERROR [Text Viewer Hover Presenter] - IScalaPresentationCompiler$ - Ignoring InterruptException
2015-12-31 11:37:44,380 ERROR [Text Viewer Hover Presenter] - IScalaPresentationCompiler$ - Ignoring InterruptException
2015-12-31 11:37:44,380 ERROR [Text Viewer Hover Presenter] - IScalaPresentationCompiler$ - Ignoring InterruptException
2015-12-31 11:38:25,062  WARN [Worker-1] - ScalaProject - Project scala has platform default sourceLevel.
2015-12-31 11:38:25,063  WARN [Worker-1] - ScalaProject - Project scala runs on platform default installation.
2015-12-31 11:39:11,447  WARN [Worker-1] - ScalaProject - Project scala has platform default sourceLevel.
2015-12-31 11:39:11,448  WARN [Worker-1] - ScalaProject - Project scala runs on platform default installation.
2015-12-31 11:39:49,613 ERROR [Text Viewer Hover Presenter] - IScalaPresentationCompiler$ - Ignoring InterruptException
2015-12-31 11:39:49,613 ERROR [Text Viewer Hover Presenter] - IScalaPresentationCompiler$ - Ignoring InterruptException
2015-12-31 11:39:49,613 ERROR [Text Viewer Hover Presenter] - IScalaPresentationCompiler$ - Ignoring InterruptException
2015-12-31 11:39:57,934  WARN [Worker-1] - ScalaProject - Project scala has platform default sourceLevel.
2015-12-31 11:39:57,934  WARN [Worker-1] - ScalaProject - Project scala runs on platform default installation.
2015-12-31 11:40:19,417  WARN [Worker-21] - ScalaProject - Project scala has platform default sourceLevel.
2015-12-31 11:40:19,418  WARN [Worker-21] - ScalaProject - Project scala runs on platform default installation.
2015-12-31 11:40:46,041 ERROR [Text Viewer Hover Presenter] - IScalaPresentationCompiler$ - Ignoring InterruptException
2015-12-31 11:40:46,046 ERROR [Text Viewer Hover Presenter] - IScalaPresentationCompiler$ - Ignoring InterruptException
2015-12-31 11:40:46,047 ERROR [Text Viewer Hover Presenter] - IScalaPresentationCompiler$ - Ignoring InterruptException
2015-12-31 11:40:46,053 ERROR [Text Viewer Hover Presenter] - IScalaPresentationCompiler$ - Ignoring InterruptException
2015-12-31 11:40:46,054 ERROR [Text Viewer Hover Presenter] - IScalaPresentationCompiler$ - Ignoring InterruptException
2015-12-31 11:40:46,054 ERROR [Text Viewer Hover Presenter] - IScalaPresentationCompiler$ - Ignoring InterruptException
2015-12-31 11:40:46,067 ERROR [Text Viewer Hover Presenter] - IScalaPresentationCompiler$ - Ignoring InterruptException
2015-12-31 11:40:46,067 ERROR [Text Viewer Hover Presenter] - IScalaPresentationCompiler$ - Ignoring InterruptException
2015-12-31 11:40:46,073 ERROR [Text Viewer Hover Presenter] - IScalaPresentationCompiler$ - Ignoring InterruptException
2015-12-31 11:40:46,074 ERROR [Text Viewer Hover Presenter] - IScalaPresentationCompiler$ - Ignoring InterruptException
2015-12-31 11:40:46,074 ERROR [Text Viewer Hover Presenter] - IScalaPresentationCompiler$ - Ignoring InterruptException
2015-12-31 11:40:46,074 ERROR [Text Viewer Hover Presenter] - IScalaPresentationCompiler$ - Ignoring InterruptException
2015-12-31 11:40:46,074 ERROR [Text Viewer Hover Presenter] - IScalaPresentationCompiler$ - Ignoring InterruptException
2015-12-31 11:40:46,074 ERROR [Text Viewer Hover Presenter] - IScalaPresentationCompiler$ - Ignoring InterruptException
2015-12-31 11:41:05,014 ERROR [Text Viewer Hover Presenter] - IScalaPresentationCompiler$ - Ignoring InterruptException
2015-12-31 11:41:05,014 ERROR [Text Viewer Hover Presenter] - IScalaPresentationCompiler$ - Ignoring InterruptException
2015-12-31 11:41:05,014 ERROR [Text Viewer Hover Presenter] - IScalaPresentationCompiler$ - Ignoring InterruptException
2015-12-31 11:41:06,565 ERROR [Text Viewer Hover Presenter] - IScalaPresentationCompiler$ - Ignoring InterruptException
2015-12-31 11:41:06,565 ERROR [Text Viewer Hover Presenter] - IScalaPresentationCompiler$ - Ignoring InterruptException
2015-12-31 11:41:06,565 ERROR [Text Viewer Hover Presenter] - IScalaPresentationCompiler$ - Ignoring InterruptException
2015-12-31 11:41:16,993  WARN [Worker-21] - ScalaProject - Project scala has platform default sourceLevel.
2015-12-31 11:41:16,994  WARN [Worker-21] - ScalaProject - Project scala runs on platform default installation.
2015-12-31 11:41:27,415  WARN [Worker-23] - ScalaProject - Project scala has platform default sourceLevel.
2015-12-31 11:41:27,415  WARN [Worker-23] - ScalaProject - Project scala runs on platform default installation.
2015-12-31 11:42:12,211 ERROR [Text Viewer Hover Presenter] - IScalaPresentationCompiler$ - Ignoring InterruptException
2015-12-31 11:42:12,232 ERROR [Text Viewer Hover Presenter] - IScalaPresentationCompiler$ - Ignoring InterruptException
2015-12-31 11:42:12,232 ERROR [Text Viewer Hover Presenter] - IScalaPresentationCompiler$ - Ignoring InterruptException
2015-12-31 11:42:12,232 ERROR [Text Viewer Hover Presenter] - IScalaPresentationCompiler$ - Ignoring InterruptException
2015-12-31 11:42:17,239 ERROR [Text Viewer Hover Presenter] - IScalaPresentationCompiler$ - Ignoring InterruptException
2015-12-31 11:42:17,239 ERROR [Text Viewer Hover Presenter] - IScalaPresentationCompiler$ - Ignoring InterruptException
2015-12-31 11:42:17,240 ERROR [Text Viewer Hover Presenter] - IScalaPresentationCompiler$ - Ignoring InterruptException
2015-12-31 11:42:20,588  WARN [Worker-23] - ScalaProject - Project scala has platform default sourceLevel.
2015-12-31 11:42:20,589  WARN [Worker-23] - ScalaProject - Project scala runs on platform default installation.
2015-12-31 11:42:23,818  WARN [Worker-24] - ScalaProject - Project scala has platform default sourceLevel.
2015-12-31 11:42:23,818  WARN [Worker-24] - ScalaProject - Project scala runs on platform default installation.
2015-12-31 11:42:56,268  WARN [Worker-20] - ScalaProject - Project scala has platform default sourceLevel.
2015-12-31 11:42:56,268  WARN [Worker-20] - ScalaProject - Project scala runs on platform default installation.
2015-12-31 11:43:06,045  WARN [Worker-22] - ScalaProject - Project scala has platform default sourceLevel.
2015-12-31 11:43:06,045  WARN [Worker-22] - ScalaProject - Project scala runs on platform default installation.
2015-12-31 11:44:12,219  WARN [Worker-21] - ScalaProject - Project scala has platform default sourceLevel.
2015-12-31 11:44:12,219  WARN [Worker-21] - ScalaProject - Project scala runs on platform default installation.
2015-12-31 11:46:03,635  WARN [Worker-1] - ScalaProject - Project scala has platform default sourceLevel.
2015-12-31 11:46:03,635  WARN [Worker-1] - ScalaProject - Project scala runs on platform default installation.
2015-12-31 11:46:04,892  WARN [Worker-1] - ScalaProject - Project scala has platform default sourceLevel.
2015-12-31 11:46:04,893  WARN [Worker-1] - ScalaProject - Project scala runs on platform default installation.
2015-12-31 11:46:08,061  WARN [Worker-21] - ScalaProject - Project scala has platform default sourceLevel.
2015-12-31 11:46:08,061  WARN [Worker-21] - ScalaProject - Project scala runs on platform default installation.
2015-12-31 11:46:08,451  WARN [Java indexing] - ScalaProject - Project scala has platform default sourceLevel.
2015-12-31 11:46:08,451  WARN [Java indexing] - ScalaProject - Project scala runs on platform default installation.
2015-12-31 11:46:22,101 ERROR [org.scalaide.ui.internal.reconciliation.ScalaReconciler] - org.scala-ide.sdt.core - org.scala-ide.sdt.core - org.scala-ide.sdt.core - 2 - Problems occurred when invoking code from plug-in: "org.scala-ide.sdt.core".
java.lang.StringIndexOutOfBoundsException: String index out of range: 136
	at java.lang.String.<init>(String.java:199)
	at org.scalaide.ui.internal.editor.decorators.implicits.ImplicitHighlightingPresenter$.org$scalaide$ui$internal$editor$decorators$implicits$ImplicitHighlightingPresenter$$mkImplicitConversionAnnotation$1(ImplicitHighlightingPresenter.scala:57)
	at org.scalaide.ui.internal.editor.decorators.implicits.ImplicitHighlightingPresenter$$anon$1.traverse(ImplicitHighlightingPresenter.scala:94)
	at org.scalaide.ui.internal.editor.decorators.implicits.ImplicitHighlightingPresenter$$anon$1.traverse(ImplicitHighlightingPresenter.scala:90)
	at scala.reflect.internal.Trees$class.traverseComponents$1(Trees.scala:1294)
	at scala.reflect.internal.Trees$class.itraverse(Trees.scala:1330)
	at scala.reflect.internal.SymbolTable.itraverse(SymbolTable.scala:16)
	at scala.reflect.internal.SymbolTable.itraverse(SymbolTable.scala:16)
	at scala.reflect.api.Trees$Traverser.traverse(Trees.scala:2475)
	at org.scalaide.ui.internal.editor.decorators.implicits.ImplicitHighlightingPresenter$$anon$1.traverse(ImplicitHighlightingPresenter.scala:101)
	at org.scalaide.ui.internal.editor.decorators.implicits.ImplicitHighlightingPresenter$$anon$1.traverse(ImplicitHighlightingPresenter.scala:90)
	at scala.reflect.internal.Trees$class.traverseComponents$1(Trees.scala:1283)
	at scala.reflect.internal.Trees$class.itraverse(Trees.scala:1330)
	at scala.reflect.internal.SymbolTable.itraverse(SymbolTable.scala:16)
	at scala.reflect.internal.SymbolTable.itraverse(SymbolTable.scala:16)
	at scala.reflect.api.Trees$Traverser.traverse(Trees.scala:2475)
	at org.scalaide.ui.internal.editor.decorators.implicits.ImplicitHighlightingPresenter$$anon$1.traverse(ImplicitHighlightingPresenter.scala:101)
	at org.scalaide.ui.internal.editor.decorators.implicits.ImplicitHighlightingPresenter$$anon$1.traverse(ImplicitHighlightingPresenter.scala:90)
	at scala.reflect.internal.Trees$class.traverseComponents$1(Trees.scala:1294)
	at scala.reflect.internal.Trees$class.itraverse(Trees.scala:1330)
	at scala.reflect.internal.SymbolTable.itraverse(SymbolTable.scala:16)
	at scala.reflect.internal.SymbolTable.itraverse(SymbolTable.scala:16)
	at scala.reflect.api.Trees$Traverser.traverse(Trees.scala:2475)
	at org.scalaide.ui.internal.editor.decorators.implicits.ImplicitHighlightingPresenter$$anon$1.traverse(ImplicitHighlightingPresenter.scala:101)
	at org.scalaide.ui.internal.editor.decorators.implicits.ImplicitHighlightingPresenter$$anon$1.traverse(ImplicitHighlightingPresenter.scala:90)
	at scala.reflect.internal.Trees$class.traverseComponents$1(Trees.scala:1280)
	at scala.reflect.internal.Trees$class.itraverse(Trees.scala:1330)
	at scala.reflect.internal.SymbolTable.itraverse(SymbolTable.scala:16)
	at scala.reflect.internal.SymbolTable.itraverse(SymbolTable.scala:16)
	at scala.reflect.api.Trees$Traverser.traverse(Trees.scala:2475)
	at org.scalaide.ui.internal.editor.decorators.implicits.ImplicitHighlightingPresenter$$anon$1.traverse(ImplicitHighlightingPresenter.scala:101)
	at org.scalaide.ui.internal.editor.decorators.implicits.ImplicitHighlightingPresenter$$anon$1.traverse(ImplicitHighlightingPresenter.scala:90)
	at scala.reflect.internal.Trees$class.traverseComponents$1(Trees.scala:1283)
	at scala.reflect.internal.Trees$class.itraverse(Trees.scala:1330)
	at scala.reflect.internal.SymbolTable.itraverse(SymbolTable.scala:16)
	at scala.reflect.internal.SymbolTable.itraverse(SymbolTable.scala:16)
	at scala.reflect.api.Trees$Traverser.traverse(Trees.scala:2475)
	at org.scalaide.ui.internal.editor.decorators.implicits.ImplicitHighlightingPresenter$$anon$1.traverse(ImplicitHighlightingPresenter.scala:101)
	at org.scalaide.ui.internal.editor.decorators.implicits.ImplicitHighlightingPresenter$$anon$1.traverse(ImplicitHighlightingPresenter.scala:90)
	at scala.reflect.api.Trees$Traverser.traverseTrees(Trees.scala:2484)
	at scala.reflect.internal.Trees$class.traverseComponents$1(Trees.scala:1234)
	at scala.reflect.internal.Trees$class.itraverse(Trees.scala:1330)
	at scala.reflect.internal.SymbolTable.itraverse(SymbolTable.scala:16)
	at scala.reflect.internal.SymbolTable.itraverse(SymbolTable.scala:16)
	at scala.reflect.api.Trees$Traverser.traverse(Trees.scala:2475)
	at org.scalaide.ui.internal.editor.decorators.implicits.ImplicitHighlightingPresenter$$anon$1.traverse(ImplicitHighlightingPresenter.scala:101)
	at org.scalaide.ui.internal.editor.decorators.implicits.ImplicitHighlightingPresenter$$anon$1.traverse(ImplicitHighlightingPresenter.scala:90)
	at scala.reflect.internal.Trees$$anonfun$traverseMemberDef$1$1.apply$mcV$sp(Trees.scala:1215)
	at scala.reflect.api.Trees$Traverser.atOwner(Trees.scala:2507)
	at scala.reflect.internal.Trees$class.traverseMemberDef$1(Trees.scala:1203)
	at scala.reflect.internal.Trees$class.itraverse(Trees.scala:1328)
	at scala.reflect.internal.SymbolTable.itraverse(SymbolTable.scala:16)
	at scala.reflect.internal.SymbolTable.itraverse(SymbolTable.scala:16)
	at scala.reflect.api.Trees$Traverser.traverse(Trees.scala:2475)
	at org.scalaide.ui.internal.editor.decorators.implicits.ImplicitHighlightingPresenter$$anon$1.traverse(ImplicitHighlightingPresenter.scala:101)
	at org.scalaide.ui.internal.editor.decorators.implicits.ImplicitHighlightingPresenter$$anon$1.traverse(ImplicitHighlightingPresenter.scala:90)
	at scala.reflect.api.Trees$Traverser$$anonfun$traverseStats$1$$anonfun$apply$1.apply$mcV$sp(Trees.scala:2498)
	at scala.reflect.api.Trees$Traverser.atOwner(Trees.scala:2507)
	at scala.reflect.api.Trees$Traverser.traverseStats(Trees.scala:2497)
	at scala.reflect.internal.Trees$class.traverseComponents$1(Trees.scala:1232)
	at scala.reflect.internal.Trees$class.itraverse(Trees.scala:1330)
	at scala.reflect.internal.SymbolTable.itraverse(SymbolTable.scala:16)
	at scala.reflect.internal.SymbolTable.itraverse(SymbolTable.scala:16)
	at scala.reflect.api.Trees$Traverser.traverse(Trees.scala:2475)
	at org.scalaide.ui.internal.editor.decorators.implicits.ImplicitHighlightingPresenter$$anon$1.traverse(ImplicitHighlightingPresenter.scala:101)
	at org.scalaide.ui.internal.editor.decorators.implicits.ImplicitHighlightingPresenter$$anon$1.traverse(ImplicitHighlightingPresenter.scala:90)
	at scala.reflect.internal.Trees$$anonfun$traverseMemberDef$1$1.apply$mcV$sp(Trees.scala:1208)
	at scala.reflect.api.Trees$Traverser.atOwner(Trees.scala:2507)
	at scala.reflect.internal.Trees$class.traverseMemberDef$1(Trees.scala:1203)
	at scala.reflect.internal.Trees$class.itraverse(Trees.scala:1327)
	at scala.reflect.internal.SymbolTable.itraverse(SymbolTable.scala:16)
	at scala.reflect.internal.SymbolTable.itraverse(SymbolTable.scala:16)
	at scala.reflect.api.Trees$Traverser.traverse(Trees.scala:2475)
	at org.scalaide.ui.internal.editor.decorators.implicits.ImplicitHighlightingPresenter$$anon$1.traverse(ImplicitHighlightingPresenter.scala:101)
	at org.scalaide.ui.internal.editor.decorators.implicits.ImplicitHighlightingPresenter$$anon$1.traverse(ImplicitHighlightingPresenter.scala:90)
	at scala.reflect.api.Trees$Traverser$$anonfun$traverseStats$1$$anonfun$apply$1.apply$mcV$sp(Trees.scala:2498)
	at scala.reflect.api.Trees$Traverser.atOwner(Trees.scala:2507)
	at scala.reflect.api.Trees$Traverser.traverseStats(Trees.scala:2497)
	at scala.reflect.internal.Trees$class.itraverse(Trees.scala:1326)
	at scala.reflect.internal.SymbolTable.itraverse(SymbolTable.scala:16)
	at scala.reflect.internal.SymbolTable.itraverse(SymbolTable.scala:16)
	at scala.reflect.api.Trees$Traverser.traverse(Trees.scala:2475)
	at org.scalaide.ui.internal.editor.decorators.implicits.ImplicitHighlightingPresenter$$anon$1.traverse(ImplicitHighlightingPresenter.scala:101)
	at org.scalaide.ui.internal.editor.decorators.implicits.ImplicitHighlightingPresenter$.findAllImplicitConversions(ImplicitHighlightingPresenter.scala:103)
	at org.scalaide.ui.internal.editor.decorators.implicits.ImplicitHighlightingPresenter.findAll(ImplicitHighlightingPresenter.scala:29)
	at org.scalaide.ui.internal.editor.decorators.BaseSemanticAction$$anonfun$apply$1.findAnnotations$1(BaseSemanticAction.scala:118)
	at org.scalaide.ui.internal.editor.decorators.BaseSemanticAction$$anonfun$apply$1.apply(BaseSemanticAction.scala:126)
	at org.scalaide.ui.internal.editor.decorators.BaseSemanticAction$$anonfun$apply$1.apply(BaseSemanticAction.scala:112)
	at org.scalaide.core.internal.compiler.PresentationCompilerProxy$$anonfun$internal$1.apply(PresentationCompilerProxy.scala:105)
	at org.scalaide.core.internal.compiler.PresentationCompilerProxy$$anonfun$internal$1.apply(PresentationCompilerProxy.scala:104)
	at scala.Option.flatMap(Option.scala:171)
	at org.scalaide.core.internal.compiler.PresentationCompilerProxy.internal(PresentationCompilerProxy.scala:104)
	at org.scalaide.ui.internal.editor.decorators.BaseSemanticAction.apply(BaseSemanticAction.scala:112)
	at org.scalaide.ui.internal.editor.ScalaSourceFileEditor$$anon$3$$anonfun$reconciled$1$$anonfun$apply$1.apply$mcV$sp(ScalaSourceFileEditor.scala:104)
	at org.scalaide.ui.internal.editor.ScalaSourceFileEditor$$anon$3$$anonfun$reconciled$1$$anonfun$apply$1.apply(ScalaSourceFileEditor.scala:104)
	at org.scalaide.ui.internal.editor.ScalaSourceFileEditor$$anon$3$$anonfun$reconciled$1$$anonfun$apply$1.apply(ScalaSourceFileEditor.scala:104)
	at org.scalaide.util.eclipse.EclipseUtils$$anon$3.run(EclipseUtils.scala:216)
	at org.eclipse.core.runtime.SafeRunner.run(SafeRunner.java:42)
	at org.scalaide.util.eclipse.EclipseUtils$.withSafeRunner(EclipseUtils.scala:212)
	at org.scalaide.ui.internal.editor.ScalaSourceFileEditor$$anon$3$$anonfun$reconciled$1.apply(ScalaSourceFileEditor.scala:103)
	at org.scalaide.ui.internal.editor.ScalaSourceFileEditor$$anon$3$$anonfun$reconciled$1.apply(ScalaSourceFileEditor.scala:102)
	at scala.collection.mutable.ArraySeq.foreach(ArraySeq.scala:74)
	at org.scalaide.ui.internal.editor.ScalaSourceFileEditor$$anon$3.reconciled(ScalaSourceFileEditor.scala:102)
	at org.scalaide.ui.internal.editor.ScalaSourceFileEditor$ReconcilingListeners$$anonfun$reconciled$3.apply(ScalaSourceFileEditor.scala:470)
	at org.scalaide.ui.internal.editor.ScalaSourceFileEditor$ReconcilingListeners$$anonfun$reconciled$3.apply(ScalaSourceFileEditor.scala:470)
	at scala.collection.immutable.List.foreach(List.scala:381)
	at org.scalaide.ui.internal.editor.ScalaSourceFileEditor$ReconcilingListeners.reconciled(ScalaSourceFileEditor.scala:470)
	at org.scalaide.ui.internal.editor.ScalaSourceFileEditor.reconciled(ScalaSourceFileEditor.scala:371)
	at org.scalaide.ui.internal.reconciliation.ScalaReconcilingStrategy$$anonfun$reconcile$3.apply(ScalaReconcilingStrategy.scala:53)
	at org.scalaide.ui.internal.reconciliation.ScalaReconcilingStrategy$$anonfun$reconcile$3.apply(ScalaReconcilingStrategy.scala:53)
	at scala.Option.foreach(Option.scala:257)
	at org.scalaide.ui.internal.reconciliation.ScalaReconcilingStrategy.reconcile(ScalaReconcilingStrategy.scala:53)
	at org.eclipse.jdt.internal.ui.text.CompositeReconcilingStrategy.reconcile(CompositeReconcilingStrategy.java:86)
	at org.eclipse.jface.text.reconciler.MonoReconciler.process(MonoReconciler.java:77)
	at org.eclipse.jface.text.reconciler.AbstractReconciler$BackgroundThread.run(AbstractReconciler.java:206)
2015-12-31 11:46:22,154 ERROR [main] - org.scala-ide.sdt.core - org.scala-ide.sdt.core - org.scala-ide.sdt.core - 0 - Error occurred while executing 'org.scalaide.ui.internal.editor.decorators.implicits.ImplicitHighlightingPresenter'. Check the previous stack trace for more information.
2015-12-31 11:46:22,670  WARN [Worker-1] - ScalaProject - Project scala has platform default sourceLevel.
2015-12-31 11:46:22,671  WARN [Worker-1] - ScalaProject - Project scala runs on platform default installation.
2015-12-31 11:46:25,800  WARN [Worker-26] - ScalaProject - Project scala has platform default sourceLevel.
2015-12-31 11:46:25,800  WARN [Worker-26] - ScalaProject - Project scala runs on platform default installation.
2015-12-31 11:46:28,162 ERROR [org.scalaide.ui.internal.reconciliation.ScalaReconciler] - org.scala-ide.sdt.core - org.scala-ide.sdt.core - org.scala-ide.sdt.core - 2 - Problems occurred when invoking code from plug-in: "org.scala-ide.sdt.core".
java.lang.StringIndexOutOfBoundsException: String index out of range: 136
	at java.lang.String.<init>(String.java:199)
	at org.scalaide.ui.internal.editor.decorators.implicits.ImplicitHighlightingPresenter$.org$scalaide$ui$internal$editor$decorators$implicits$ImplicitHighlightingPresenter$$mkImplicitConversionAnnotation$1(ImplicitHighlightingPresenter.scala:57)
	at org.scalaide.ui.internal.editor.decorators.implicits.ImplicitHighlightingPresenter$$anon$1.traverse(ImplicitHighlightingPresenter.scala:94)
	at org.scalaide.ui.internal.editor.decorators.implicits.ImplicitHighlightingPresenter$$anon$1.traverse(ImplicitHighlightingPresenter.scala:90)
	at scala.reflect.internal.Trees$class.traverseComponents$1(Trees.scala:1294)
	at scala.reflect.internal.Trees$class.itraverse(Trees.scala:1330)
	at scala.reflect.internal.SymbolTable.itraverse(SymbolTable.scala:16)
	at scala.reflect.internal.SymbolTable.itraverse(SymbolTable.scala:16)
	at scala.reflect.api.Trees$Traverser.traverse(Trees.scala:2475)
	at org.scalaide.ui.internal.editor.decorators.implicits.ImplicitHighlightingPresenter$$anon$1.traverse(ImplicitHighlightingPresenter.scala:101)
	at org.scalaide.ui.internal.editor.decorators.implicits.ImplicitHighlightingPresenter$$anon$1.traverse(ImplicitHighlightingPresenter.scala:90)
	at scala.reflect.internal.Trees$class.traverseComponents$1(Trees.scala:1283)
	at scala.reflect.internal.Trees$class.itraverse(Trees.scala:1330)
	at scala.reflect.internal.SymbolTable.itraverse(SymbolTable.scala:16)
	at scala.reflect.internal.SymbolTable.itraverse(SymbolTable.scala:16)
	at scala.reflect.api.Trees$Traverser.traverse(Trees.scala:2475)
	at org.scalaide.ui.internal.editor.decorators.implicits.ImplicitHighlightingPresenter$$anon$1.traverse(ImplicitHighlightingPresenter.scala:101)
	at org.scalaide.ui.internal.editor.decorators.implicits.ImplicitHighlightingPresenter$$anon$1.traverse(ImplicitHighlightingPresenter.scala:90)
	at scala.reflect.internal.Trees$class.traverseComponents$1(Trees.scala:1294)
	at scala.reflect.internal.Trees$class.itraverse(Trees.scala:1330)
	at scala.reflect.internal.SymbolTable.itraverse(SymbolTable.scala:16)
	at scala.reflect.internal.SymbolTable.itraverse(SymbolTable.scala:16)
	at scala.reflect.api.Trees$Traverser.traverse(Trees.scala:2475)
	at org.scalaide.ui.internal.editor.decorators.implicits.ImplicitHighlightingPresenter$$anon$1.traverse(ImplicitHighlightingPresenter.scala:101)
	at org.scalaide.ui.internal.editor.decorators.implicits.ImplicitHighlightingPresenter$$anon$1.traverse(ImplicitHighlightingPresenter.scala:90)
	at scala.reflect.internal.Trees$class.traverseComponents$1(Trees.scala:1280)
	at scala.reflect.internal.Trees$class.itraverse(Trees.scala:1330)
	at scala.reflect.internal.SymbolTable.itraverse(SymbolTable.scala:16)
	at scala.reflect.internal.SymbolTable.itraverse(SymbolTable.scala:16)
	at scala.reflect.api.Trees$Traverser.traverse(Trees.scala:2475)
	at org.scalaide.ui.internal.editor.decorators.implicits.ImplicitHighlightingPresenter$$anon$1.traverse(ImplicitHighlightingPresenter.scala:101)
	at org.scalaide.ui.internal.editor.decorators.implicits.ImplicitHighlightingPresenter$$anon$1.traverse(ImplicitHighlightingPresenter.scala:90)
	at scala.reflect.internal.Trees$class.traverseComponents$1(Trees.scala:1283)
	at scala.reflect.internal.Trees$class.itraverse(Trees.scala:1330)
	at scala.reflect.internal.SymbolTable.itraverse(SymbolTable.scala:16)
	at scala.reflect.internal.SymbolTable.itraverse(SymbolTable.scala:16)
	at scala.reflect.api.Trees$Traverser.traverse(Trees.scala:2475)
	at org.scalaide.ui.internal.editor.decorators.implicits.ImplicitHighlightingPresenter$$anon$1.traverse(ImplicitHighlightingPresenter.scala:101)
	at org.scalaide.ui.internal.editor.decorators.implicits.ImplicitHighlightingPresenter$$anon$1.traverse(ImplicitHighlightingPresenter.scala:90)
	at scala.reflect.api.Trees$Traverser.traverseTrees(Trees.scala:2484)
	at scala.reflect.internal.Trees$class.traverseComponents$1(Trees.scala:1234)
	at scala.reflect.internal.Trees$class.itraverse(Trees.scala:1330)
	at scala.reflect.internal.SymbolTable.itraverse(SymbolTable.scala:16)
	at scala.reflect.internal.SymbolTable.itraverse(SymbolTable.scala:16)
	at scala.reflect.api.Trees$Traverser.traverse(Trees.scala:2475)
	at org.scalaide.ui.internal.editor.decorators.implicits.ImplicitHighlightingPresenter$$anon$1.traverse(ImplicitHighlightingPresenter.scala:101)
	at org.scalaide.ui.internal.editor.decorators.implicits.ImplicitHighlightingPresenter$$anon$1.traverse(ImplicitHighlightingPresenter.scala:90)
	at scala.reflect.internal.Trees$$anonfun$traverseMemberDef$1$1.apply$mcV$sp(Trees.scala:1215)
	at scala.reflect.api.Trees$Traverser.atOwner(Trees.scala:2507)
	at scala.reflect.internal.Trees$class.traverseMemberDef$1(Trees.scala:1203)
	at scala.reflect.internal.Trees$class.itraverse(Trees.scala:1328)
	at scala.reflect.internal.SymbolTable.itraverse(SymbolTable.scala:16)
	at scala.reflect.internal.SymbolTable.itraverse(SymbolTable.scala:16)
	at scala.reflect.api.Trees$Traverser.traverse(Trees.scala:2475)
	at org.scalaide.ui.internal.editor.decorators.implicits.ImplicitHighlightingPresenter$$anon$1.traverse(ImplicitHighlightingPresenter.scala:101)
	at org.scalaide.ui.internal.editor.decorators.implicits.ImplicitHighlightingPresenter$$anon$1.traverse(ImplicitHighlightingPresenter.scala:90)
	at scala.reflect.api.Trees$Traverser$$anonfun$traverseStats$1$$anonfun$apply$1.apply$mcV$sp(Trees.scala:2498)
	at scala.reflect.api.Trees$Traverser.atOwner(Trees.scala:2507)
	at scala.reflect.api.Trees$Traverser.traverseStats(Trees.scala:2497)
	at scala.reflect.internal.Trees$class.traverseComponents$1(Trees.scala:1232)
	at scala.reflect.internal.Trees$class.itraverse(Trees.scala:1330)
	at scala.reflect.internal.SymbolTable.itraverse(SymbolTable.scala:16)
	at scala.reflect.internal.SymbolTable.itraverse(SymbolTable.scala:16)
	at scala.reflect.api.Trees$Traverser.traverse(Trees.scala:2475)
	at org.scalaide.ui.internal.editor.decorators.implicits.ImplicitHighlightingPresenter$$anon$1.traverse(ImplicitHighlightingPresenter.scala:101)
	at org.scalaide.ui.internal.editor.decorators.implicits.ImplicitHighlightingPresenter$$anon$1.traverse(ImplicitHighlightingPresenter.scala:90)
	at scala.reflect.internal.Trees$$anonfun$traverseMemberDef$1$1.apply$mcV$sp(Trees.scala:1208)
	at scala.reflect.api.Trees$Traverser.atOwner(Trees.scala:2507)
	at scala.reflect.internal.Trees$class.traverseMemberDef$1(Trees.scala:1203)
	at scala.reflect.internal.Trees$class.itraverse(Trees.scala:1327)
	at scala.reflect.internal.SymbolTable.itraverse(SymbolTable.scala:16)
	at scala.reflect.internal.SymbolTable.itraverse(SymbolTable.scala:16)
	at scala.reflect.api.Trees$Traverser.traverse(Trees.scala:2475)
	at org.scalaide.ui.internal.editor.decorators.implicits.ImplicitHighlightingPresenter$$anon$1.traverse(ImplicitHighlightingPresenter.scala:101)
	at org.scalaide.ui.internal.editor.decorators.implicits.ImplicitHighlightingPresenter$$anon$1.traverse(ImplicitHighlightingPresenter.scala:90)
	at scala.reflect.api.Trees$Traverser$$anonfun$traverseStats$1$$anonfun$apply$1.apply$mcV$sp(Trees.scala:2498)
	at scala.reflect.api.Trees$Traverser.atOwner(Trees.scala:2507)
	at scala.reflect.api.Trees$Traverser.traverseStats(Trees.scala:2497)
	at scala.reflect.internal.Trees$class.itraverse(Trees.scala:1326)
	at scala.reflect.internal.SymbolTable.itraverse(SymbolTable.scala:16)
	at scala.reflect.internal.SymbolTable.itraverse(SymbolTable.scala:16)
	at scala.reflect.api.Trees$Traverser.traverse(Trees.scala:2475)
	at org.scalaide.ui.internal.editor.decorators.implicits.ImplicitHighlightingPresenter$$anon$1.traverse(ImplicitHighlightingPresenter.scala:101)
	at org.scalaide.ui.internal.editor.decorators.implicits.ImplicitHighlightingPresenter$.findAllImplicitConversions(ImplicitHighlightingPresenter.scala:103)
	at org.scalaide.ui.internal.editor.decorators.implicits.ImplicitHighlightingPresenter.findAll(ImplicitHighlightingPresenter.scala:29)
	at org.scalaide.ui.internal.editor.decorators.BaseSemanticAction$$anonfun$apply$1.findAnnotations$1(BaseSemanticAction.scala:118)
	at org.scalaide.ui.internal.editor.decorators.BaseSemanticAction$$anonfun$apply$1.apply(BaseSemanticAction.scala:126)
	at org.scalaide.ui.internal.editor.decorators.BaseSemanticAction$$anonfun$apply$1.apply(BaseSemanticAction.scala:112)
	at org.scalaide.core.internal.compiler.PresentationCompilerProxy$$anonfun$internal$1.apply(PresentationCompilerProxy.scala:105)
	at org.scalaide.core.internal.compiler.PresentationCompilerProxy$$anonfun$internal$1.apply(PresentationCompilerProxy.scala:104)
	at scala.Option.flatMap(Option.scala:171)
	at org.scalaide.core.internal.compiler.PresentationCompilerProxy.internal(PresentationCompilerProxy.scala:104)
	at org.scalaide.ui.internal.editor.decorators.BaseSemanticAction.apply(BaseSemanticAction.scala:112)
	at org.scalaide.ui.internal.editor.ScalaSourceFileEditor$$anon$3$$anonfun$reconciled$1$$anonfun$apply$1.apply$mcV$sp(ScalaSourceFileEditor.scala:104)
	at org.scalaide.ui.internal.editor.ScalaSourceFileEditor$$anon$3$$anonfun$reconciled$1$$anonfun$apply$1.apply(ScalaSourceFileEditor.scala:104)
	at org.scalaide.ui.internal.editor.ScalaSourceFileEditor$$anon$3$$anonfun$reconciled$1$$anonfun$apply$1.apply(ScalaSourceFileEditor.scala:104)
	at org.scalaide.util.eclipse.EclipseUtils$$anon$3.run(EclipseUtils.scala:216)
	at org.eclipse.core.runtime.SafeRunner.run(SafeRunner.java:42)
	at org.scalaide.util.eclipse.EclipseUtils$.withSafeRunner(EclipseUtils.scala:212)
	at org.scalaide.ui.internal.editor.ScalaSourceFileEditor$$anon$3$$anonfun$reconciled$1.apply(ScalaSourceFileEditor.scala:103)
	at org.scalaide.ui.internal.editor.ScalaSourceFileEditor$$anon$3$$anonfun$reconciled$1.apply(ScalaSourceFileEditor.scala:102)
	at scala.collection.mutable.ArraySeq.foreach(ArraySeq.scala:74)
	at org.scalaide.ui.internal.editor.ScalaSourceFileEditor$$anon$3.reconciled(ScalaSourceFileEditor.scala:102)
	at org.scalaide.ui.internal.editor.ScalaSourceFileEditor$ReconcilingListeners$$anonfun$reconciled$3.apply(ScalaSourceFileEditor.scala:470)
	at org.scalaide.ui.internal.editor.ScalaSourceFileEditor$ReconcilingListeners$$anonfun$reconciled$3.apply(ScalaSourceFileEditor.scala:470)
	at scala.collection.immutable.List.foreach(List.scala:381)
	at org.scalaide.ui.internal.editor.ScalaSourceFileEditor$ReconcilingListeners.reconciled(ScalaSourceFileEditor.scala:470)
	at org.scalaide.ui.internal.editor.ScalaSourceFileEditor.reconciled(ScalaSourceFileEditor.scala:371)
	at org.scalaide.ui.internal.reconciliation.ScalaReconcilingStrategy$$anonfun$reconcile$3.apply(ScalaReconcilingStrategy.scala:53)
	at org.scalaide.ui.internal.reconciliation.ScalaReconcilingStrategy$$anonfun$reconcile$3.apply(ScalaReconcilingStrategy.scala:53)
	at scala.Option.foreach(Option.scala:257)
	at org.scalaide.ui.internal.reconciliation.ScalaReconcilingStrategy.reconcile(ScalaReconcilingStrategy.scala:53)
	at org.eclipse.jdt.internal.ui.text.CompositeReconcilingStrategy.reconcile(CompositeReconcilingStrategy.java:86)
	at org.eclipse.jface.text.reconciler.MonoReconciler.process(MonoReconciler.java:77)
	at org.eclipse.jface.text.reconciler.AbstractReconciler$BackgroundThread.run(AbstractReconciler.java:206)
2015-12-31 11:46:28,168 ERROR [main] - org.scala-ide.sdt.core - org.scala-ide.sdt.core - org.scala-ide.sdt.core - 0 - Error occurred while executing 'org.scalaide.ui.internal.editor.decorators.implicits.ImplicitHighlightingPresenter'. Check the previous stack trace for more information.
2015-12-31 11:46:30,388 ERROR [org.scalaide.ui.internal.reconciliation.ScalaReconciler] - org.scala-ide.sdt.core - org.scala-ide.sdt.core - org.scala-ide.sdt.core - 2 - Problems occurred when invoking code from plug-in: "org.scala-ide.sdt.core".
java.lang.StringIndexOutOfBoundsException: String index out of range: 136
	at java.lang.String.<init>(String.java:199)
	at org.scalaide.ui.internal.editor.decorators.implicits.ImplicitHighlightingPresenter$.org$scalaide$ui$internal$editor$decorators$implicits$ImplicitHighlightingPresenter$$mkImplicitConversionAnnotation$1(ImplicitHighlightingPresenter.scala:57)
	at org.scalaide.ui.internal.editor.decorators.implicits.ImplicitHighlightingPresenter$$anon$1.traverse(ImplicitHighlightingPresenter.scala:94)
	at org.scalaide.ui.internal.editor.decorators.implicits.ImplicitHighlightingPresenter$$anon$1.traverse(ImplicitHighlightingPresenter.scala:90)
	at scala.reflect.internal.Trees$class.traverseComponents$1(Trees.scala:1294)
	at scala.reflect.internal.Trees$class.itraverse(Trees.scala:1330)
	at scala.reflect.internal.SymbolTable.itraverse(SymbolTable.scala:16)
	at scala.reflect.internal.SymbolTable.itraverse(SymbolTable.scala:16)
	at scala.reflect.api.Trees$Traverser.traverse(Trees.scala:2475)
	at org.scalaide.ui.internal.editor.decorators.implicits.ImplicitHighlightingPresenter$$anon$1.traverse(ImplicitHighlightingPresenter.scala:101)
	at org.scalaide.ui.internal.editor.decorators.implicits.ImplicitHighlightingPresenter$$anon$1.traverse(ImplicitHighlightingPresenter.scala:90)
	at scala.reflect.internal.Trees$class.traverseComponents$1(Trees.scala:1283)
	at scala.reflect.internal.Trees$class.itraverse(Trees.scala:1330)
	at scala.reflect.internal.SymbolTable.itraverse(SymbolTable.scala:16)
	at scala.reflect.internal.SymbolTable.itraverse(SymbolTable.scala:16)
	at scala.reflect.api.Trees$Traverser.traverse(Trees.scala:2475)
	at org.scalaide.ui.internal.editor.decorators.implicits.ImplicitHighlightingPresenter$$anon$1.traverse(ImplicitHighlightingPresenter.scala:101)
	at org.scalaide.ui.internal.editor.decorators.implicits.ImplicitHighlightingPresenter$$anon$1.traverse(ImplicitHighlightingPresenter.scala:90)
	at scala.reflect.internal.Trees$class.traverseComponents$1(Trees.scala:1294)
	at scala.reflect.internal.Trees$class.itraverse(Trees.scala:1330)
	at scala.reflect.internal.SymbolTable.itraverse(SymbolTable.scala:16)
	at scala.reflect.internal.SymbolTable.itraverse(SymbolTable.scala:16)
	at scala.reflect.api.Trees$Traverser.traverse(Trees.scala:2475)
	at org.scalaide.ui.internal.editor.decorators.implicits.ImplicitHighlightingPresenter$$anon$1.traverse(ImplicitHighlightingPresenter.scala:101)
	at org.scalaide.ui.internal.editor.decorators.implicits.ImplicitHighlightingPresenter$$anon$1.traverse(ImplicitHighlightingPresenter.scala:90)
	at scala.reflect.internal.Trees$class.traverseComponents$1(Trees.scala:1280)
	at scala.reflect.internal.Trees$class.itraverse(Trees.scala:1330)
	at scala.reflect.internal.SymbolTable.itraverse(SymbolTable.scala:16)
	at scala.reflect.internal.SymbolTable.itraverse(SymbolTable.scala:16)
	at scala.reflect.api.Trees$Traverser.traverse(Trees.scala:2475)
	at org.scalaide.ui.internal.editor.decorators.implicits.ImplicitHighlightingPresenter$$anon$1.traverse(ImplicitHighlightingPresenter.scala:101)
	at org.scalaide.ui.internal.editor.decorators.implicits.ImplicitHighlightingPresenter$$anon$1.traverse(ImplicitHighlightingPresenter.scala:90)
	at scala.reflect.internal.Trees$class.traverseComponents$1(Trees.scala:1283)
	at scala.reflect.internal.Trees$class.itraverse(Trees.scala:1330)
	at scala.reflect.internal.SymbolTable.itraverse(SymbolTable.scala:16)
	at scala.reflect.internal.SymbolTable.itraverse(SymbolTable.scala:16)
	at scala.reflect.api.Trees$Traverser.traverse(Trees.scala:2475)
	at org.scalaide.ui.internal.editor.decorators.implicits.ImplicitHighlightingPresenter$$anon$1.traverse(ImplicitHighlightingPresenter.scala:101)
	at org.scalaide.ui.internal.editor.decorators.implicits.ImplicitHighlightingPresenter$$anon$1.traverse(ImplicitHighlightingPresenter.scala:90)
	at scala.reflect.api.Trees$Traverser.traverseTrees(Trees.scala:2484)
	at scala.reflect.internal.Trees$class.traverseComponents$1(Trees.scala:1234)
	at scala.reflect.internal.Trees$class.itraverse(Trees.scala:1330)
	at scala.reflect.internal.SymbolTable.itraverse(SymbolTable.scala:16)
	at scala.reflect.internal.SymbolTable.itraverse(SymbolTable.scala:16)
	at scala.reflect.api.Trees$Traverser.traverse(Trees.scala:2475)
	at org.scalaide.ui.internal.editor.decorators.implicits.ImplicitHighlightingPresenter$$anon$1.traverse(ImplicitHighlightingPresenter.scala:101)
	at org.scalaide.ui.internal.editor.decorators.implicits.ImplicitHighlightingPresenter$$anon$1.traverse(ImplicitHighlightingPresenter.scala:90)
	at scala.reflect.internal.Trees$$anonfun$traverseMemberDef$1$1.apply$mcV$sp(Trees.scala:1215)
	at scala.reflect.api.Trees$Traverser.atOwner(Trees.scala:2507)
	at scala.reflect.internal.Trees$class.traverseMemberDef$1(Trees.scala:1203)
	at scala.reflect.internal.Trees$class.itraverse(Trees.scala:1328)
	at scala.reflect.internal.SymbolTable.itraverse(SymbolTable.scala:16)
	at scala.reflect.internal.SymbolTable.itraverse(SymbolTable.scala:16)
	at scala.reflect.api.Trees$Traverser.traverse(Trees.scala:2475)
	at org.scalaide.ui.internal.editor.decorators.implicits.ImplicitHighlightingPresenter$$anon$1.traverse(ImplicitHighlightingPresenter.scala:101)
	at org.scalaide.ui.internal.editor.decorators.implicits.ImplicitHighlightingPresenter$$anon$1.traverse(ImplicitHighlightingPresenter.scala:90)
	at scala.reflect.api.Trees$Traverser$$anonfun$traverseStats$1$$anonfun$apply$1.apply$mcV$sp(Trees.scala:2498)
	at scala.reflect.api.Trees$Traverser.atOwner(Trees.scala:2507)
	at scala.reflect.api.Trees$Traverser.traverseStats(Trees.scala:2497)
	at scala.reflect.internal.Trees$class.traverseComponents$1(Trees.scala:1232)
	at scala.reflect.internal.Trees$class.itraverse(Trees.scala:1330)
	at scala.reflect.internal.SymbolTable.itraverse(SymbolTable.scala:16)
	at scala.reflect.internal.SymbolTable.itraverse(SymbolTable.scala:16)
	at scala.reflect.api.Trees$Traverser.traverse(Trees.scala:2475)
	at org.scalaide.ui.internal.editor.decorators.implicits.ImplicitHighlightingPresenter$$anon$1.traverse(ImplicitHighlightingPresenter.scala:101)
	at org.scalaide.ui.internal.editor.decorators.implicits.ImplicitHighlightingPresenter$$anon$1.traverse(ImplicitHighlightingPresenter.scala:90)
	at scala.reflect.internal.Trees$$anonfun$traverseMemberDef$1$1.apply$mcV$sp(Trees.scala:1208)
	at scala.reflect.api.Trees$Traverser.atOwner(Trees.scala:2507)
	at scala.reflect.internal.Trees$class.traverseMemberDef$1(Trees.scala:1203)
	at scala.reflect.internal.Trees$class.itraverse(Trees.scala:1327)
	at scala.reflect.internal.SymbolTable.itraverse(SymbolTable.scala:16)
	at scala.reflect.internal.SymbolTable.itraverse(SymbolTable.scala:16)
	at scala.reflect.api.Trees$Traverser.traverse(Trees.scala:2475)
	at org.scalaide.ui.internal.editor.decorators.implicits.ImplicitHighlightingPresenter$$anon$1.traverse(ImplicitHighlightingPresenter.scala:101)
	at org.scalaide.ui.internal.editor.decorators.implicits.ImplicitHighlightingPresenter$$anon$1.traverse(ImplicitHighlightingPresenter.scala:90)
	at scala.reflect.api.Trees$Traverser$$anonfun$traverseStats$1$$anonfun$apply$1.apply$mcV$sp(Trees.scala:2498)
	at scala.reflect.api.Trees$Traverser.atOwner(Trees.scala:2507)
	at scala.reflect.api.Trees$Traverser.traverseStats(Trees.scala:2497)
	at scala.reflect.internal.Trees$class.itraverse(Trees.scala:1326)
	at scala.reflect.internal.SymbolTable.itraverse(SymbolTable.scala:16)
	at scala.reflect.internal.SymbolTable.itraverse(SymbolTable.scala:16)
	at scala.reflect.api.Trees$Traverser.traverse(Trees.scala:2475)
	at org.scalaide.ui.internal.editor.decorators.implicits.ImplicitHighlightingPresenter$$anon$1.traverse(ImplicitHighlightingPresenter.scala:101)
	at org.scalaide.ui.internal.editor.decorators.implicits.ImplicitHighlightingPresenter$.findAllImplicitConversions(ImplicitHighlightingPresenter.scala:103)
	at org.scalaide.ui.internal.editor.decorators.implicits.ImplicitHighlightingPresenter.findAll(ImplicitHighlightingPresenter.scala:29)
	at org.scalaide.ui.internal.editor.decorators.BaseSemanticAction$$anonfun$apply$1.findAnnotations$1(BaseSemanticAction.scala:118)
	at org.scalaide.ui.internal.editor.decorators.BaseSemanticAction$$anonfun$apply$1.apply(BaseSemanticAction.scala:126)
	at org.scalaide.ui.internal.editor.decorators.BaseSemanticAction$$anonfun$apply$1.apply(BaseSemanticAction.scala:112)
	at org.scalaide.core.internal.compiler.PresentationCompilerProxy$$anonfun$internal$1.apply(PresentationCompilerProxy.scala:105)
	at org.scalaide.core.internal.compiler.PresentationCompilerProxy$$anonfun$internal$1.apply(PresentationCompilerProxy.scala:104)
	at scala.Option.flatMap(Option.scala:171)
	at org.scalaide.core.internal.compiler.PresentationCompilerProxy.internal(PresentationCompilerProxy.scala:104)
	at org.scalaide.ui.internal.editor.decorators.BaseSemanticAction.apply(BaseSemanticAction.scala:112)
	at org.scalaide.ui.internal.editor.ScalaSourceFileEditor$$anon$3$$anonfun$reconciled$1$$anonfun$apply$1.apply$mcV$sp(ScalaSourceFileEditor.scala:104)
	at org.scalaide.ui.internal.editor.ScalaSourceFileEditor$$anon$3$$anonfun$reconciled$1$$anonfun$apply$1.apply(ScalaSourceFileEditor.scala:104)
	at org.scalaide.ui.internal.editor.ScalaSourceFileEditor$$anon$3$$anonfun$reconciled$1$$anonfun$apply$1.apply(ScalaSourceFileEditor.scala:104)
	at org.scalaide.util.eclipse.EclipseUtils$$anon$3.run(EclipseUtils.scala:216)
	at org.eclipse.core.runtime.SafeRunner.run(SafeRunner.java:42)
	at org.scalaide.util.eclipse.EclipseUtils$.withSafeRunner(EclipseUtils.scala:212)
	at org.scalaide.ui.internal.editor.ScalaSourceFileEditor$$anon$3$$anonfun$reconciled$1.apply(ScalaSourceFileEditor.scala:103)
	at org.scalaide.ui.internal.editor.ScalaSourceFileEditor$$anon$3$$anonfun$reconciled$1.apply(ScalaSourceFileEditor.scala:102)
	at scala.collection.mutable.ArraySeq.foreach(ArraySeq.scala:74)
	at org.scalaide.ui.internal.editor.ScalaSourceFileEditor$$anon$3.reconciled(ScalaSourceFileEditor.scala:102)
	at org.scalaide.ui.internal.editor.ScalaSourceFileEditor$ReconcilingListeners$$anonfun$reconciled$3.apply(ScalaSourceFileEditor.scala:470)
	at org.scalaide.ui.internal.editor.ScalaSourceFileEditor$ReconcilingListeners$$anonfun$reconciled$3.apply(ScalaSourceFileEditor.scala:470)
	at scala.collection.immutable.List.foreach(List.scala:381)
	at org.scalaide.ui.internal.editor.ScalaSourceFileEditor$ReconcilingListeners.reconciled(ScalaSourceFileEditor.scala:470)
	at org.scalaide.ui.internal.editor.ScalaSourceFileEditor.reconciled(ScalaSourceFileEditor.scala:371)
	at org.scalaide.ui.internal.reconciliation.ScalaReconcilingStrategy$$anonfun$reconcile$3.apply(ScalaReconcilingStrategy.scala:53)
	at org.scalaide.ui.internal.reconciliation.ScalaReconcilingStrategy$$anonfun$reconcile$3.apply(ScalaReconcilingStrategy.scala:53)
	at scala.Option.foreach(Option.scala:257)
	at org.scalaide.ui.internal.reconciliation.ScalaReconcilingStrategy.reconcile(ScalaReconcilingStrategy.scala:53)
	at org.eclipse.jdt.internal.ui.text.CompositeReconcilingStrategy.reconcile(CompositeReconcilingStrategy.java:86)
	at org.eclipse.jface.text.reconciler.MonoReconciler.process(MonoReconciler.java:77)
	at org.eclipse.jface.text.reconciler.AbstractReconciler$BackgroundThread.run(AbstractReconciler.java:206)
2015-12-31 11:46:30,393 ERROR [main] - org.scala-ide.sdt.core - org.scala-ide.sdt.core - org.scala-ide.sdt.core - 0 - Error occurred while executing 'org.scalaide.ui.internal.editor.decorators.implicits.ImplicitHighlightingPresenter'. Check the previous stack trace for more information.
2015-12-31 11:46:30,910  WARN [Worker-26] - ScalaProject - Project scala has platform default sourceLevel.
2015-12-31 11:46:30,910  WARN [Worker-26] - ScalaProject - Project scala runs on platform default installation.
2015-12-31 11:46:32,922  WARN [Worker-21] - ScalaProject - Project scala has platform default sourceLevel.
2015-12-31 11:46:32,923  WARN [Worker-21] - ScalaProject - Project scala runs on platform default installation.
2015-12-31 11:46:43,042  WARN [Worker-24] - ScalaProject - Project scala has platform default sourceLevel.
2015-12-31 11:46:43,043  WARN [Worker-24] - ScalaProject - Project scala runs on platform default installation.
2015-12-31 11:46:43,957  WARN [Worker-23] - ScalaProject - Project scala has platform default sourceLevel.
2015-12-31 11:46:43,957  WARN [Worker-23] - ScalaProject - Project scala runs on platform default installation.
2015-12-31 11:46:47,174  WARN [Worker-26] - ScalaProject - Project scala has platform default sourceLevel.
2015-12-31 11:46:47,174  WARN [Worker-26] - ScalaProject - Project scala runs on platform default installation.
2015-12-31 11:46:52,746  WARN [Worker-1] - ScalaProject - Project scala has platform default sourceLevel.
2015-12-31 11:46:52,746  WARN [Worker-1] - ScalaProject - Project scala runs on platform default installation.
2015-12-31 11:46:55,061  WARN [Worker-25] - ScalaProject - Project scala has platform default sourceLevel.
2015-12-31 11:46:55,062  WARN [Worker-25] - ScalaProject - Project scala runs on platform default installation.
2015-12-31 11:47:45,542  WARN [org.scalaide.ui.internal.reconciliation.ScalaReconciler] - ScalaProject - Project scala has platform default sourceLevel.
2015-12-31 11:47:45,543  WARN [org.scalaide.ui.internal.reconciliation.ScalaReconciler] - ScalaProject - Project scala runs on platform default installation.
2015-12-31 11:47:45,590  WARN [Worker-22] - ScalaProject - Project scala has platform default sourceLevel.
2015-12-31 11:47:45,590  WARN [Worker-22] - ScalaProject - Project scala runs on platform default installation.
2015-12-31 11:47:45,600  WARN [Worker-22] - ScalaProject - Project scala has platform default sourceLevel.
2015-12-31 11:47:45,601  WARN [Worker-22] - ScalaProject - Project scala runs on platform default installation.
2015-12-31 11:48:55,283  WARN [Worker-23] - ScalaProject - Project scala has platform default sourceLevel.
2015-12-31 11:48:55,284  WARN [Worker-23] - ScalaProject - Project scala runs on platform default installation.
2015-12-31 11:49:04,596  WARN [main] - ScalaProject - Project scala has platform default sourceLevel.
2015-12-31 11:49:04,597  WARN [main] - ScalaProject - Project scala runs on platform default installation.
2015-12-31 11:49:05,060 ERROR [org.scalaide.ui.internal.reconciliation.ScalaReconciler] - System.err - Exception in thread "org.scalaide.ui.internal.reconciliation.ScalaReconciler"
2015-12-31 11:49:05,060 ERROR [org.scalaide.ui.internal.reconciliation.ScalaReconciler] - System.err - java.lang.NullPointerException
2015-12-31 11:49:05,060 ERROR [org.scalaide.ui.internal.reconciliation.ScalaReconciler] - System.err - at org.scalaide.ui.internal.reconciliation.ScalaReconcilingStrategy.initialReconcile(ScalaReconcilingStrategy.scala:58)
2015-12-31 11:49:05,060 ERROR [org.scalaide.ui.internal.reconciliation.ScalaReconciler] - System.err - at org.eclipse.jdt.internal.ui.text.CompositeReconcilingStrategy.initialReconcile(CompositeReconcilingStrategy.java:114)
2015-12-31 11:49:05,060 ERROR [org.scalaide.ui.internal.reconciliation.ScalaReconciler] - System.err - at org.eclipse.jface.text.reconciler.MonoReconciler.initialProcess(MonoReconciler.java:105)
2015-12-31 11:49:05,060 ERROR [org.scalaide.ui.internal.reconciliation.ScalaReconciler] - System.err - at org.eclipse.jface.text.reconciler.AbstractReconciler$BackgroundThread.run(AbstractReconciler.java:173)
2015-12-31 11:49:05,383  WARN [Worker-23] - ScalaProject - Project scala has platform default sourceLevel.
2015-12-31 11:49:05,384  WARN [Worker-23] - ScalaProject - Project scala runs on platform default installation.
2015-12-31 11:49:27,461  WARN [Worker-25] - ScalaProject - Project scala has platform default sourceLevel.
2015-12-31 11:49:27,462  WARN [Worker-25] - ScalaProject - Project scala runs on platform default installation.
2015-12-31 11:49:46,577  WARN [Worker-23] - ScalaProject - Project scala has platform default sourceLevel.
2015-12-31 11:49:46,578  WARN [Worker-23] - ScalaProject - Project scala runs on platform default installation.
2015-12-31 11:51:12,809  WARN [Worker-25] - ScalaProject - Project scala has platform default sourceLevel.
2015-12-31 11:51:12,810  WARN [Worker-25] - ScalaProject - Project scala runs on platform default installation.
2015-12-31 11:52:47,344  WARN [Worker-1] - ScalaProject - Project scala has platform default sourceLevel.
2015-12-31 11:52:47,345  WARN [Worker-1] - ScalaProject - Project scala runs on platform default installation.
2015-12-31 11:52:50,249  WARN [main] - ScalaProject - Project scala has platform default sourceLevel.
2015-12-31 11:52:50,249  WARN [main] - ScalaProject - Project scala runs on platform default installation.
2015-12-31 11:53:11,281  WARN [main] - ScalaProject - Project scala has platform default sourceLevel.
2015-12-31 11:53:11,282  WARN [main] - ScalaProject - Project scala runs on platform default installation.
2015-12-31 11:53:11,865  WARN [Worker-26] - ScalaProject - Project scala has platform default sourceLevel.
2015-12-31 11:53:11,865  WARN [Worker-26] - ScalaProject - Project scala runs on platform default installation.
2015-12-31 11:53:24,917  WARN [Worker-26] - ScalaProject - Project scala has platform default sourceLevel.
2015-12-31 11:53:24,917  WARN [Worker-26] - ScalaProject - Project scala runs on platform default installation.
2015-12-31 11:53:35,006  WARN [main] - ScalaProject - Project scala has platform default sourceLevel.
2015-12-31 11:53:35,007  WARN [main] - ScalaProject - Project scala runs on platform default installation.
2015-12-31 11:53:35,493 ERROR [org.scalaide.ui.internal.reconciliation.ScalaReconciler] - System.err - Exception in thread "org.scalaide.ui.internal.reconciliation.ScalaReconciler"
2015-12-31 11:53:35,493 ERROR [org.scalaide.ui.internal.reconciliation.ScalaReconciler] - System.err - java.lang.NullPointerException
2015-12-31 11:53:35,493 ERROR [org.scalaide.ui.internal.reconciliation.ScalaReconciler] - System.err - at org.scalaide.ui.internal.reconciliation.ScalaReconcilingStrategy.initialReconcile(ScalaReconcilingStrategy.scala:58)
2015-12-31 11:53:35,493 ERROR [org.scalaide.ui.internal.reconciliation.ScalaReconciler] - System.err - at org.eclipse.jdt.internal.ui.text.CompositeReconcilingStrategy.initialReconcile(CompositeReconcilingStrategy.java:114)
2015-12-31 11:53:35,493 ERROR [org.scalaide.ui.internal.reconciliation.ScalaReconciler] - System.err - at org.eclipse.jface.text.reconciler.MonoReconciler.initialProcess(MonoReconciler.java:105)
2015-12-31 11:53:35,493 ERROR [org.scalaide.ui.internal.reconciliation.ScalaReconciler] - System.err - at org.eclipse.jface.text.reconciler.AbstractReconciler$BackgroundThread.run(AbstractReconciler.java:173)
2015-12-31 11:53:35,707  WARN [Worker-1] - ScalaProject - Project scala has platform default sourceLevel.
2015-12-31 11:53:35,707  WARN [Worker-1] - ScalaProject - Project scala runs on platform default installation.
2015-12-31 11:53:48,242 ERROR [main] - org.scala-ide.sdt.core - org.scala-ide.sdt.core - org.scala-ide.sdt.core - 0 - Throwable during asyncExec
java.util.NoSuchElementException: key not found: E:\renho\workspace\ongit-scala\scala\src\com\renho\scala\functiontest\Functest.scala
	at scala.collection.MapLike$class.default(MapLike.scala:228)
	at scala.collection.AbstractMap.default(Map.scala:59)
	at scala.collection.MapLike$class.apply(MapLike.scala:141)
	at scala.tools.nsc.interactive.Global$$anon$4.scala$collection$mutable$SynchronizedMap$$super$apply(Global.scala:174)
	at scala.collection.mutable.SynchronizedMap$class.apply(SynchronizedMap.scala:48)
	at scala.tools.nsc.interactive.Global$$anon$4.apply(Global.scala:174)
	at scala.tools.refactoring.implementations.MarkOccurrences.occurrencesOf(MarkOccurrences.scala:28)
	at org.scalaide.core.internal.decorators.markoccurrences.ScalaOccurrencesFinder$$anonfun$findOccurrences$1$$anonfun$5.apply(ScalaOccurrencesFinder.scala:75)
	at org.scalaide.core.internal.decorators.markoccurrences.ScalaOccurrencesFinder$$anonfun$findOccurrences$1$$anonfun$5.apply(ScalaOccurrencesFinder.scala:73)
	at scala.tools.nsc.util.InterruptReq.execute(InterruptReq.scala:26)
	at scala.tools.nsc.interactive.Global$$anonfun$pollForWork$1.apply$mcV$sp(Global.scala:455)
	at scala.util.control.Breaks.breakable(Breaks.scala:38)
	at scala.tools.nsc.interactive.Global.pollForWork(Global.scala:429)
	at scala.tools.nsc.interactive.PresentationCompilerThread.run(PresentationCompilerThread.scala:22)
2015-12-31 11:53:54,995  WARN [Worker-23] - ScalaProject - Project scala has platform default sourceLevel.
2015-12-31 11:53:54,995  WARN [Worker-23] - ScalaProject - Project scala runs on platform default installation.
2015-12-31 11:53:57,378  WARN [Worker-25] - ScalaProject - Project scala has platform default sourceLevel.
2015-12-31 11:53:57,378  WARN [Worker-25] - ScalaProject - Project scala runs on platform default installation.
2015-12-31 11:54:32,315  WARN [Worker-25] - ScalaProject - Project scala has platform default sourceLevel.
2015-12-31 11:54:32,316  WARN [Worker-25] - ScalaProject - Project scala runs on platform default installation.
2015-12-31 11:55:08,146  WARN [Worker-24] - ScalaProject - Project scala has platform default sourceLevel.
2015-12-31 11:55:08,147  WARN [Worker-24] - ScalaProject - Project scala runs on platform default installation.
2015-12-31 11:56:16,779  WARN [Worker-24] - ScalaProject - Project scala has platform default sourceLevel.
2015-12-31 11:56:16,780  WARN [Worker-24] - ScalaProject - Project scala runs on platform default installation.
2015-12-31 11:56:27,169  WARN [Worker-26] - ScalaProject - Project scala has platform default sourceLevel.
2015-12-31 11:56:27,170  WARN [Worker-26] - ScalaProject - Project scala runs on platform default installation.
2015-12-31 11:58:54,299  WARN [Worker-22] - ScalaProject - Project scala has platform default sourceLevel.
2015-12-31 11:58:54,299  WARN [Worker-22] - ScalaProject - Project scala runs on platform default installation.
2015-12-31 11:59:21,770  WARN [Worker-24] - ScalaProject - Project scala has platform default sourceLevel.
2015-12-31 11:59:21,771  WARN [Worker-24] - ScalaProject - Project scala runs on platform default installation.
2015-12-31 12:02:24,642  WARN [Worker-21] - ScalaProject - Project scala has platform default sourceLevel.
2015-12-31 12:02:24,643  WARN [Worker-21] - ScalaProject - Project scala runs on platform default installation.
2015-12-31 12:03:28,292  WARN [Worker-26] - ScalaProject - Project scala has platform default sourceLevel.
2015-12-31 12:03:28,292  WARN [Worker-26] - ScalaProject - Project scala runs on platform default installation.
2015-12-31 12:06:36,499  WARN [Worker-1] - ScalaProject - Project scala has platform default sourceLevel.
2015-12-31 12:06:36,499  WARN [Worker-1] - ScalaProject - Project scala runs on platform default installation.
2015-12-31 12:06:50,523  WARN [Worker-22] - ScalaProject - Project scala has platform default sourceLevel.
2015-12-31 12:06:50,524  WARN [Worker-22] - ScalaProject - Project scala runs on platform default installation.
2015-12-31 12:07:29,999  WARN [Worker-1] - ScalaProject - Project scala has platform default sourceLevel.
2015-12-31 12:07:30,000  WARN [Worker-1] - ScalaProject - Project scala runs on platform default installation.
2015-12-31 12:07:37,569  WARN [Worker-24] - ScalaProject - Project scala has platform default sourceLevel.
2015-12-31 12:07:37,569  WARN [Worker-24] - ScalaProject - Project scala runs on platform default installation.
2015-12-31 12:07:42,249  WARN [Worker-20] - ScalaProject - Project scala has platform default sourceLevel.
2015-12-31 12:07:42,250  WARN [Worker-20] - ScalaProject - Project scala runs on platform default installation.
2015-12-31 12:07:56,497  WARN [Worker-26] - ScalaProject - Project scala has platform default sourceLevel.
2015-12-31 12:07:56,498  WARN [Worker-26] - ScalaProject - Project scala runs on platform default installation.
2015-12-31 12:08:58,497  WARN [Worker-26] - ScalaProject - Project scala has platform default sourceLevel.
2015-12-31 12:08:58,497  WARN [Worker-26] - ScalaProject - Project scala runs on platform default installation.
2015-12-31 12:09:09,971  WARN [Worker-25] - ScalaProject - Project scala has platform default sourceLevel.
2015-12-31 12:09:09,971  WARN [Worker-25] - ScalaProject - Project scala runs on platform default installation.
